c:\dev\refinement\refinement\x64\debug\vec3.hpp_3ywjmzvke1gnxhsi.ifc
c:\dev\refinement\refinement\x64\debug\vec3.hpp_3ywjmzvke1gnxhsi.ifc.d.json
c:\dev\refinement\refinement\x64\debug\vec3.hpp_3ywjmzvke1gnxhsi.obj
c:\dev\refinement\refinement\x64\debug\cmath_gxu9qldiw1m5ifd5.ifc
c:\dev\refinement\refinement\x64\debug\cmath_gxu9qldiw1m5ifd5.ifc.d.json
c:\dev\refinement\refinement\x64\debug\cmath_gxu9qldiw1m5ifd5.obj
c:\dev\refinement\refinement\x64\debug\glm.hpp_wictaoqk3nroxi98.ifc
c:\dev\refinement\refinement\x64\debug\glm.hpp_wictaoqk3nroxi98.ifc.d.json
c:\dev\refinement\refinement\x64\debug\glm.hpp_wictaoqk3nroxi98.obj
c:\dev\refinement\refinement\x64\debug\cstddef_7ohnu1f9735l2vy2.ifc
c:\dev\refinement\refinement\x64\debug\cstddef_7ohnu1f9735l2vy2.ifc.d.json
c:\dev\refinement\refinement\x64\debug\cstddef_7ohnu1f9735l2vy2.obj
c:\dev\refinement\refinement\x64\debug\type_ptr.hpp_zaln90q097340440.ifc
c:\dev\refinement\refinement\x64\debug\type_ptr.hpp_zaln90q097340440.ifc.d.json
c:\dev\refinement\refinement\x64\debug\type_ptr.hpp_zaln90q097340440.obj
c:\dev\refinement\refinement\x64\debug\fstream_cc1nqjkccd0fo3r8.ifc
c:\dev\refinement\refinement\x64\debug\fstream_cc1nqjkccd0fo3r8.ifc.d.json
c:\dev\refinement\refinement\x64\debug\fstream_cc1nqjkccd0fo3r8.obj
c:\dev\refinement\refinement\x64\debug\glfw-types.ixx.ifc
c:\dev\refinement\refinement\x64\debug\glfw-types.ixx.ifc.d.json
c:\dev\refinement\refinement\x64\debug\glfw-types.ixx.obj
c:\dev\refinement\refinement\x64\debug\stddef.h_by56cwisnlpia8s2.ifc
c:\dev\refinement\refinement\x64\debug\stddef.h_by56cwisnlpia8s2.ifc.d.json
c:\dev\refinement\refinement\x64\debug\stddef.h_by56cwisnlpia8s2.obj
c:\dev\refinement\refinement\x64\debug\matrix_transform.hpp_rn5uy756ufkvaerw.ifc
c:\dev\refinement\refinement\x64\debug\matrix_transform.hpp_rn5uy756ufkvaerw.ifc.d.json
c:\dev\refinement\refinement\x64\debug\matrix_transform.hpp_rn5uy756ufkvaerw.obj
c:\dev\refinement\refinement\x64\debug\limits_zvx8ee72z68lgbut.ifc
c:\dev\refinement\refinement\x64\debug\limits_zvx8ee72z68lgbut.ifc.d.json
c:\dev\refinement\refinement\x64\debug\limits_zvx8ee72z68lgbut.obj
c:\dev\refinement\refinement\x64\debug\glfw-init.ixx.ifc.d.json
c:\dev\refinement\refinement\x64\debug\blenderobject-triangle.ixx.ifc.d.json
c:\dev\refinement\refinement\x64\debug\blenderobject-triangle.ixx.ifc
c:\dev\refinement\refinement\x64\debug\blenderobject-triangle.ixx.obj
c:\dev\refinement\refinement\x64\debug\thread_g04np4c7vps2zzac.ifc
c:\dev\refinement\refinement\x64\debug\thread_g04np4c7vps2zzac.ifc.d.json
c:\dev\refinement\refinement\x64\debug\thread_g04np4c7vps2zzac.obj
c:\dev\refinement\refinement\x64\debug\glfw-macros.ixx.ifc
c:\dev\refinement\refinement\x64\debug\glfw-macros.ixx.ifc.d.json
c:\dev\refinement\refinement\x64\debug\glfw-macros.ixx.obj
c:\dev\refinement\refinement\x64\debug\mutex_4yyj92o7zsc1o0g8.ifc
c:\dev\refinement\refinement\x64\debug\mutex_4yyj92o7zsc1o0g8.ifc.d.json
c:\dev\refinement\refinement\x64\debug\mutex_4yyj92o7zsc1o0g8.obj
c:\dev\refinement\refinement\x64\debug\iostream_ktplhocedx7ybzwe.ifc
c:\dev\refinement\refinement\x64\debug\iostream_ktplhocedx7ybzwe.ifc.d.json
c:\dev\refinement\refinement\x64\debug\iostream_ktplhocedx7ybzwe.obj
c:\dev\refinement\refinement\x64\debug\algorithm_j4sepiaanyku1wyo.ifc
c:\dev\refinement\refinement\x64\debug\algorithm_j4sepiaanyku1wyo.ifc.d.json
c:\dev\refinement\refinement\x64\debug\algorithm_j4sepiaanyku1wyo.obj
c:\dev\refinement\refinement\x64\debug\glfw3.h_rx89ozt76mjlteay.ifc
c:\dev\refinement\refinement\x64\debug\glfw3.h_rx89ozt76mjlteay.ifc.d.json
c:\dev\refinement\refinement\x64\debug\glfw3.h_rx89ozt76mjlteay.obj
c:\dev\refinement\refinement\x64\debug\atomic_mkjf137ztwozpfdn.ifc
c:\dev\refinement\refinement\x64\debug\atomic_mkjf137ztwozpfdn.ifc.d.json
c:\dev\refinement\refinement\x64\debug\atomic_mkjf137ztwozpfdn.obj
c:\dev\refinement\refinement\x64\debug\string_gt02e4t140807ucg.ifc
c:\dev\refinement\refinement\x64\debug\string_gt02e4t140807ucg.ifc.d.json
c:\dev\refinement\refinement\x64\debug\string_gt02e4t140807ucg.obj
c:\dev\refinement\refinement\x64\debug\vector_gdgh8lxpb6233bge.ifc
c:\dev\refinement\refinement\x64\debug\vector_gdgh8lxpb6233bge.ifc.d.json
c:\dev\refinement\refinement\x64\debug\vector_gdgh8lxpb6233bge.obj
c:\dev\refinement\refinement\x64\debug\cstdint_a3sxt74kijl6th1y.ifc
c:\dev\refinement\refinement\x64\debug\cstdint_a3sxt74kijl6th1y.ifc.d.json
c:\dev\refinement\refinement\x64\debug\cstdint_a3sxt74kijl6th1y.obj
c:\dev\refinement\refinement\x64\debug\stdint.h_xhujs0aftyaa3wxc.ifc
c:\dev\refinement\refinement\x64\debug\stdint.h_xhujs0aftyaa3wxc.ifc.d.json
c:\dev\refinement\refinement\x64\debug\stdint.h_xhujs0aftyaa3wxc.obj
c:\dev\refinement\refinement\x64\debug\glm.ixx.ifc
c:\dev\refinement\refinement\x64\debug\glm.ixx.ifc.d.json
c:\dev\refinement\refinement\x64\debug\glm.ixx.obj
c:\dev\refinement\refinement\x64\debug\blenderobject-transformkeyframe.ixx.ifc
c:\dev\refinement\refinement\x64\debug\blenderobject-transformkeyframe.ixx.ifc.d.json
c:\dev\refinement\refinement\x64\debug\blenderobject-transformkeyframe.ixx.obj
c:\dev\refinement\refinement\x64\debug\blenderobject-material.ixx.ifc
c:\dev\refinement\refinement\x64\debug\blenderobject-material.ixx.ifc.d.json
c:\dev\refinement\refinement\x64\debug\blenderobject-material.ixx.obj
c:\dev\refinement\refinement\x64\debug\shader-vertex.ixx.ifc
c:\dev\refinement\refinement\x64\debug\shader-vertex.ixx.ifc.d.json
c:\dev\refinement\refinement\x64\debug\shader-vertex.ixx.obj
c:\dev\refinement\refinement\x64\debug\blenderobject-shapekeyframe.ixx.ifc
c:\dev\refinement\refinement\x64\debug\blenderobject-shapekeyframe.ixx.ifc.d.json
c:\dev\refinement\refinement\x64\debug\blenderobject-shapekeyframe.ixx.obj
c:\dev\refinement\refinement\x64\debug\khr-macros.ixx.ifc
c:\dev\refinement\refinement\x64\debug\khr-macros.ixx.ifc.d.json
c:\dev\refinement\refinement\x64\debug\khr-macros.ixx.obj
c:\dev\refinement\refinement\x64\debug\khr-types.ixx.ifc
c:\dev\refinement\refinement\x64\debug\khr-types.ixx.ifc.d.json
c:\dev\refinement\refinement\x64\debug\khr-types.ixx.obj
c:\dev\refinement\refinement\x64\debug\shader-fragment.ixx.ifc
c:\dev\refinement\refinement\x64\debug\shader-fragment.ixx.ifc.d.json
c:\dev\refinement\refinement\x64\debug\shader-fragment.ixx.obj
c:\dev\refinement\refinement\x64\debug\microsoft\stl\std.ixx.ifc
c:\dev\refinement\refinement\x64\debug\microsoft\stl\std.ixx.ifc.d.json
c:\dev\refinement\refinement\x64\debug\microsoft\stl\std.ixx.obj
c:\dev\refinement\refinement\x64\debug\khr-enums.ixx.ifc
c:\dev\refinement\refinement\x64\debug\khr-enums.ixx.ifc.d.json
c:\dev\refinement\refinement\x64\debug\khr-enums.ixx.obj
c:\dev\refinement\refinement\x64\debug\blenderobject-shapekey.ixx.ifc
c:\dev\refinement\refinement\x64\debug\blenderobject-shapekey.ixx.ifc.d.json
c:\dev\refinement\refinement\x64\debug\blenderobject-shapekey.ixx.obj
c:\dev\refinement\refinement\x64\debug\glad_4_6.ixx.module.json
c:\dev\refinement\refinement\x64\debug\glad_4_2.ixx.module.json
c:\dev\refinement\refinement\x64\debug\glad_3_0.ixx.module.json
c:\dev\refinement\refinement\x64\debug\glad_base.ixx.module.json
c:\dev\refinement\refinement\x64\debug\glad_1_0.ixx.module.json
c:\dev\refinement\refinement\x64\debug\glad_4_1.ixx.module.json
c:\dev\refinement\refinement\x64\debug\glad_base-types.ixx.module.json
c:\dev\refinement\refinement\x64\debug\glm.ixx.module.json
c:\dev\refinement\refinement\x64\debug\glad_4_5.ixx.module.json
c:\dev\refinement\refinement\x64\debug\glad_4_0.ixx.module.json
c:\dev\refinement\refinement\x64\debug\glfw-types.ixx.module.json
c:\dev\refinement\refinement\x64\debug\khr-enums.ixx.module.json
c:\dev\refinement\refinement\x64\debug\glad_1_2.ixx.module.json
c:\dev\refinement\refinement\x64\debug\glad_4_4.ixx.module.json
c:\dev\refinement\refinement\x64\debug\blenderobject-transformkeyframe.ixx.module.json
c:\dev\refinement\refinement\x64\debug\glad_2_1.ixx.module.json
c:\dev\refinement\refinement\x64\debug\khr.ixx.module.json
c:\dev\refinement\refinement\x64\debug\glfw-macros.ixx.module.json
c:\dev\refinement\refinement\x64\debug\glfw-init.ixx.module.json
c:\dev\refinement\refinement\x64\debug\glad_1_5.ixx.module.json
c:\dev\refinement\refinement\x64\debug\glad_base-macros.ixx.module.json
c:\dev\refinement\refinement\x64\debug\glad.ixx.module.json
c:\dev\refinement\refinement\x64\debug\glad_3_1.ixx.module.json
c:\dev\refinement\refinement\x64\debug\blenderobject-shapekeyframe.ixx.module.json
c:\dev\refinement\refinement\x64\debug\glad_1_4.ixx.module.json
c:\dev\refinement\refinement\x64\debug\glad_1_3.ixx.module.json
c:\dev\refinement\refinement\x64\debug\glad_3_3.ixx.module.json
c:\dev\refinement\refinement\x64\debug\glad_4_3.ixx.module.json
c:\dev\refinement\refinement\x64\debug\khr-types.ixx.module.json
c:\dev\refinement\refinement\x64\debug\all_modules.ixx.module.json
c:\dev\refinement\refinement\x64\debug\blenderobject-shapekey.ixx.module.json
c:\dev\refinement\refinement\x64\debug\blenderobject-blenderobjectdata.ixx.module.json
c:\dev\refinement\refinement\x64\debug\glad_2_0.ixx.module.json
c:\dev\refinement\refinement\x64\debug\khr-macros.ixx.module.json
c:\dev\refinement\refinement\x64\debug\glad_3_2.ixx.module.json
c:\dev\refinement\refinement\x64\debug\glad_1_1.ixx.module.json
c:\dev\refinement\refinement\x64\debug\blenderobject-material.ixx.module.json
c:\dev\refinement\refinement\x64\debug\blenderobject.ixx.module.json
c:\dev\refinement\refinement\x64\debug\glfw.ixx.module.json
c:\dev\refinement\refinement\x64\debug\algorithm_j4sepiaanyku1wyo.module.json
c:\dev\refinement\refinement\x64\debug\glfw3.h_rx89ozt76mjlteay.module.json
c:\dev\refinement\refinement\x64\debug\cstddef_7ohnu1f9735l2vy2.module.json
c:\dev\refinement\refinement\x64\debug\stdint.h_xhujs0aftyaa3wxc.module.json
c:\dev\refinement\refinement\x64\debug\fstream_cc1nqjkccd0fo3r8.module.json
c:\dev\refinement\refinement\x64\debug\cstdint_a3sxt74kijl6th1y.module.json
c:\dev\refinement\refinement\x64\debug\thread_g04np4c7vps2zzac.module.json
c:\dev\refinement\refinement\x64\debug\stddef.h_by56cwisnlpia8s2.module.json
c:\dev\refinement\refinement\x64\debug\vec3.hpp_3ywjmzvke1gnxhsi.module.json
c:\dev\refinement\refinement\x64\debug\mutex_4yyj92o7zsc1o0g8.module.json
c:\dev\refinement\refinement\x64\debug\cmath_gxu9qldiw1m5ifd5.module.json
c:\dev\refinement\refinement\x64\debug\string_gt02e4t140807ucg.module.json
c:\dev\refinement\refinement\x64\debug\iostream_ktplhocedx7ybzwe.module.json
c:\dev\refinement\refinement\x64\debug\matrix_transform.hpp_rn5uy756ufkvaerw.module.json
c:\dev\refinement\refinement\x64\debug\glm.hpp_wictaoqk3nroxi98.module.json
c:\dev\refinement\refinement\x64\debug\limits_zvx8ee72z68lgbut.module.json
c:\dev\refinement\refinement\x64\debug\vector_gdgh8lxpb6233bge.module.json
c:\dev\refinement\refinement\x64\debug\type_ptr.hpp_zaln90q097340440.module.json
c:\dev\refinement\refinement\x64\debug\atomic_mkjf137ztwozpfdn.module.json
c:\dev\refinement\refinement\x64\debug\shader-fragment.ixx.module.json
c:\dev\refinement\refinement\x64\debug\shader-vertex.ixx.module.json
c:\dev\refinement\refinement\x64\debug\microsoft\stl\std.ixx.module.json
c:\dev\refinement\refinement\x64\debug\microsoft\stl\std.compat.ixx.module.json
c:\dev\refinement\refinement\x64\debug\blenderobject-triangle.ixx.module.json
c:\dev\refinement\refinement\x64\debug\vc143.idb
c:\dev\refinement\refinement\x64\debug\vc143.pdb
c:\dev\refinement\refinement\x64\debug\refinement.tlog\cl.command.1.tlog
c:\dev\refinement\refinement\x64\debug\refinement.tlog\microsoft.build.cpptasks.cl.read.1.tlog
c:\dev\refinement\refinement\x64\debug\refinement.tlog\microsoft.build.cpptasks.cl.write.1.tlog
c:\dev\refinement\refinement\x64\debug\refinement_md.tlog\cl.command.1.tlog
c:\dev\refinement\refinement\x64\debug\refinement_md.tlog\microsoft.build.cpptasks.cl.read.1.tlog
c:\dev\refinement\refinement\x64\debug\refinement_md.tlog\microsoft.build.cpptasks.cl.write.1.tlog
