  Scanning sources for module dependencies...
  ALL_MODULES.ixx
  BlenderObject-TransformKeyFrame.ixx
  BlenderObject-BlenderObjectData.ixx
  BlenderObject.ixx
  BlenderObject-Material.ixx
  BlenderObject-ShapeKey.ixx
  BlenderObject-ShapeKeyFrame.ixx
  GLAD_1_1.ixx
  GLAD_1_3.ixx
  GLAD_1_5.ixx
  GLAD_1_2.ixx
  GLAD_1_4.ixx
  GLAD_2_0.ixx
  GLAD_3_2.ixx
  GLAD_3_1.ixx
  GLAD_2_1.ixx
  GLAD_3_0.ixx
  GLAD_3_3.ixx
  GLAD_4_0.ixx
  GLAD_4_1.ixx
  GLAD_4_2.ixx
  GLAD_4_4.ixx
  GLAD_4_5.ixx
  GLAD_4_3.ixx
  GLAD_BASE-Macros.ixx
  GLAD.ixx
  GLAD_BASE.ixx
  GLFW-Macros.ixx
  GLFW-Types.ixx
  GLAD_BASE-Types.ixx
  GLAD_4_6.ixx
  GLFW.ixx
  GLM.ixx
  GLFW-Init.ixx
  KHR-Enums.ixx
  GLAD_1_0.ixx
  Shader-Fragment.ixx
  KHR-Macros.ixx
  BlenderObject-Triangle.ixx
  KHR.ixx
  KHR-Types.ixx
  std.ixx
  Shader-Vertex.ixx
  std.compat.ixx
  vec3.hpp
  vector
  iostream
  thread
  limits
  algorithm
  fstream
  cmath
  string
  atomic
  mutex
  cstddef
  glfw3.h
  stddef.h
  glm.hpp
  cstdint
  stdint.h
  type_ptr.hpp
  matrix_transform.hpp
  Compiling...
  iostream
  algorithm
  cstddef
  thread
  vector
  vec3.hpp
  mutex
  limits
  atomic
  string
  cmath
  fstream
  glfw3.h
  stddef.h
  stdint.h
  glm.hpp
  type_ptr.hpp
  matrix_transform.hpp
  cstdint
  GLFW-Init.ixx
  GLFW-Types.ixx
  std.ixx
  BlenderObject-Material.ixx
C:\DEV\Refinement\Refinement\GLFW-Init.ixx(7,12): error C2143: syntax error: missing ';' before ':'
C:\DEV\Refinement\Refinement\GLFW-Init.ixx(7,12): error C2230: could not find module 'GLFW'
C:\DEV\Refinement\Refinement\GLFW-Init.ixx(7,13): error C4430: missing type specifier - int assumed. Note: C++ does not support default-int
C:\DEV\Refinement\Refinement\GLFW-Init.ixx(12,31): error C4430: missing type specifier - int assumed. Note: C++ does not support default-int
C:\DEV\Refinement\Refinement\GLFW-Init.ixx(12,50): error C2143: syntax error: missing ',' before '*'
C:\DEV\Refinement\Refinement\GLFW-Init.ixx(20,8): error C4430: missing type specifier - int assumed. Note: C++ does not support default-int
C:\DEV\Refinement\Refinement\GLFW-Init.ixx(20,21): error C2146: syntax error: missing ';' before identifier 'glfwSetErrorCallback'
  GLFW-Macros.ixx
  BlenderObject-ShapeKeyFrame.ixx
  Shader-Vertex.ixx
  Shader-Fragment.ixx
  BlenderObject-TransformKeyFrame.ixx
  KHR-Macros.ixx
  KHR-Types.ixx
  KHR-Enums.ixx
  KHR.ixx
  GLAD_BASE-Types.ixx
  GLAD_BASE-Macros.ixx
  GLAD_BASE.ixx
  GLAD_1_0.ixx
  GLAD_1_1.ixx
  GLAD_1_2.ixx
  GLM.ixx
  BlenderObject-Triangle.ixx
  GLAD_1_3.ixx
  GLAD_1_4.ixx
  GLAD_1_5.ixx
  GLAD_2_0.ixx
  GLAD_2_1.ixx
  GLAD_3_0.ixx
  GLAD_3_1.ixx
  GLAD_3_2.ixx
  GLAD_3_3.ixx
  GLAD_4_0.ixx
  GLAD_4_1.ixx
  GLAD_4_2.ixx
  GLAD_4_3.ixx
  GLAD_4_4.ixx
  GLAD_4_5.ixx
  GLAD_4_6.ixx
  GLAD.ixx
  GLFW.ixx
C:\DEV\Refinement\Refinement\GLFW.ixx(58,12): error C2143: syntax error: missing ';' before ':'
C:\DEV\Refinement\Refinement\GLFW.ixx(58,12): error C2230: could not find module 'GLFW'
C:\DEV\Refinement\Refinement\GLFW.ixx(58,12): error C2059: syntax error: ':'
C:\DEV\Refinement\Refinement\GLFW.ixx(58,13): error C4430: missing type specifier - int assumed. Note: C++ does not support default-int
C:\DEV\Refinement\Refinement\GLFW.ixx(59,12): error C2143: syntax error: missing ';' before ':'
C:\DEV\Refinement\Refinement\GLFW.ixx(59,12): error C2230: could not find module 'GLFW'
C:\DEV\Refinement\Refinement\GLFW.ixx(59,12): error C2059: syntax error: ':'
C:\DEV\Refinement\Refinement\GLFW.ixx(59,13): error C4430: missing type specifier - int assumed. Note: C++ does not support default-int
C:\DEV\Refinement\Refinement\GLFW.ixx(60,12): error C2143: syntax error: missing ';' before ':'
C:\DEV\Refinement\Refinement\GLFW.ixx(60,12): error C2230: could not find module 'GLFW'
C:\DEV\Refinement\Refinement\GLFW.ixx(60,12): error C2059: syntax error: ':'
C:\DEV\Refinement\Refinement\GLFW.ixx(60,13): error C4430: missing type specifier - int assumed. Note: C++ does not support default-int
C:\DEV\Refinement\Refinement\GLFW.ixx(68,20): error C2143: syntax error: missing ';' before '*'
C:\DEV\Refinement\Refinement\GLFW.ixx(68,9): error C4430: missing type specifier - int assumed. Note: C++ does not support default-int
C:\DEV\Refinement\Refinement\GLFW.ixx(68,23): error C4430: missing type specifier - int assumed. Note: C++ does not support default-int
C:\DEV\Refinement\Refinement\GLFW.ixx(69,20): error C2143: syntax error: missing ';' before '*'
C:\DEV\Refinement\Refinement\GLFW.ixx(69,9): error C4430: missing type specifier - int assumed. Note: C++ does not support default-int
C:\DEV\Refinement\Refinement\GLFW.ixx(69,9): error C2086: 'int GLFWmonitor': redefinition
      C:\DEV\Refinement\Refinement\GLFW.ixx(68,9):
      see declaration of 'GLFWmonitor'
  
C:\DEV\Refinement\Refinement\GLFW.ixx(69,22): error C4430: missing type specifier - int assumed. Note: C++ does not support default-int
C:\DEV\Refinement\Refinement\GLFW.ixx(70,14): error C2182: 'glfwGetMonitorPos': this use of 'void' is not valid
C:\DEV\Refinement\Refinement\GLFW.ixx(70,45): error C2065: 'monitor': undeclared identifier
C:\DEV\Refinement\Refinement\GLFW.ixx(70,54): error C2062: type 'int' unexpected
C:\DEV\Refinement\Refinement\GLFW.ixx(71,14): error C2182: 'glfwGetMonitorWorkarea': this use of 'void' is not valid
C:\DEV\Refinement\Refinement\GLFW.ixx(71,50): error C2065: 'monitor': undeclared identifier
C:\DEV\Refinement\Refinement\GLFW.ixx(71,59): error C2062: type 'int' unexpected
C:\DEV\Refinement\Refinement\GLFW.ixx(72,14): error C2182: 'glfwGetMonitorPhysicalSize': this use of 'void' is not valid
C:\DEV\Refinement\Refinement\GLFW.ixx(72,54): error C2065: 'monitor': undeclared identifier
C:\DEV\Refinement\Refinement\GLFW.ixx(72,63): error C2062: type 'int' unexpected
C:\DEV\Refinement\Refinement\GLFW.ixx(73,14): error C2182: 'glfwGetMonitorContentScale': this use of 'void' is not valid
C:\DEV\Refinement\Refinement\GLFW.ixx(73,54): error C2065: 'monitor': undeclared identifier
C:\DEV\Refinement\Refinement\GLFW.ixx(73,63): error C2062: type 'float' unexpected
C:\DEV\Refinement\Refinement\GLFW.ixx(74,53): error C2065: 'monitor': undeclared identifier
C:\DEV\Refinement\Refinement\GLFW.ixx(75,14): error C2182: 'glfwSetMonitorUserPointer': this use of 'void' is not valid
C:\DEV\Refinement\Refinement\GLFW.ixx(75,53): error C2065: 'monitor': undeclared identifier
C:\DEV\Refinement\Refinement\GLFW.ixx(75,62): error C2062: type 'void' unexpected
C:\DEV\Refinement\Refinement\GLFW.ixx(76,54): error C2065: 'monitor': undeclared identifier
C:\DEV\Refinement\Refinement\GLFW.ixx(77,9): error C4430: missing type specifier - int assumed. Note: C++ does not support default-int
C:\DEV\Refinement\Refinement\GLFW.ixx(77,24): error C2146: syntax error: missing ';' before identifier 'glfwSetMonitorCallback'
C:\DEV\Refinement\Refinement\GLFW.ixx(78,9): error C4430: missing type specifier - int assumed. Note: C++ does not support default-int
C:\DEV\Refinement\Refinement\GLFW.ixx(78,26): error C2143: syntax error: missing ';' before '*'
C:\DEV\Refinement\Refinement\GLFW.ixx(78,28): error C4430: missing type specifier - int assumed. Note: C++ does not support default-int
C:\DEV\Refinement\Refinement\GLFW.ixx(78,59): error C2065: 'monitor': undeclared identifier
C:\DEV\Refinement\Refinement\GLFW.ixx(78,68): error C2062: type 'int' unexpected
C:\DEV\Refinement\Refinement\GLFW.ixx(79,9): error C4430: missing type specifier - int assumed. Note: C++ does not support default-int
C:\DEV\Refinement\Refinement\GLFW.ixx(79,26): error C2143: syntax error: missing ';' before '*'
C:\DEV\Refinement\Refinement\GLFW.ixx(79,15): error C2086: 'const int GLFWvidmode': redefinition
      C:\DEV\Refinement\Refinement\GLFW.ixx(78,15):
      see declaration of 'GLFWvidmode'
  
C:\DEV\Refinement\Refinement\GLFW.ixx(79,28): error C4430: missing type specifier - int assumed. Note: C++ does not support default-int
C:\DEV\Refinement\Refinement\GLFW.ixx(79,58): error C2065: 'monitor': undeclared identifier
C:\DEV\Refinement\Refinement\GLFW.ixx(80,14): error C2182: 'glfwSetGamma': this use of 'void' is not valid
C:\DEV\Refinement\Refinement\GLFW.ixx(80,40): error C2065: 'monitor': undeclared identifier
C:\DEV\Refinement\Refinement\GLFW.ixx(80,49): error C2062: type 'float' unexpected
C:\DEV\Refinement\Refinement\GLFW.ixx(81,9): error C4430: missing type specifier - int assumed. Note: C++ does not support default-int
C:\DEV\Refinement\Refinement\GLFW.ixx(81,28): error C2143: syntax error: missing ';' before '*'
C:\DEV\Refinement\Refinement\GLFW.ixx(81,30): error C4430: missing type specifier - int assumed. Note: C++ does not support default-int
C:\DEV\Refinement\Refinement\GLFW.ixx(81,60): error C2065: 'monitor': undeclared identifier
C:\DEV\Refinement\Refinement\GLFW.ixx(82,14): error C2182: 'glfwSetGammaRamp': this use of 'void' is not valid
C:\DEV\Refinement\Refinement\GLFW.ixx(82,44): error C2065: 'monitor': undeclared identifier
C:\DEV\Refinement\Refinement\GLFW.ixx(82,53): error C2059: syntax error: 'const'
C:\DEV\Refinement\Refinement\GLFW.ixx(86,19): error C2143: syntax error: missing ';' before '*'
C:\DEV\Refinement\Refinement\GLFW.ixx(86,9): error C4430: missing type specifier - int assumed. Note: C++ does not support default-int
C:\DEV\Refinement\Refinement\GLFW.ixx(86,80): error C2061: syntax error: identifier 'GLFWmonitor'
C:\DEV\Refinement\Refinement\GLFW.ixx(86,21): error C4430: missing type specifier - int assumed. Note: C++ does not support default-int
C:\DEV\Refinement\Refinement\GLFW.ixx(87,14): error C2182: 'glfwDestroyWindow': this use of 'void' is not valid
C:\DEV\Refinement\Refinement\GLFW.ixx(87,44): error C2065: 'window': undeclared identifier
C:\DEV\Refinement\Refinement\GLFW.ixx(88,47): error C2065: 'window': undeclared identifier
C:\DEV\Refinement\Refinement\GLFW.ixx(89,14): error C2182: 'glfwSetWindowShouldClose': this use of 'void' is not valid
C:\DEV\Refinement\Refinement\GLFW.ixx(89,51): error C2065: 'window': undeclared identifier
C:\DEV\Refinement\Refinement\GLFW.ixx(89,59): error C2062: type 'int' unexpected
C:\DEV\Refinement\Refinement\GLFW.ixx(90,52): error C2065: 'window': undeclared identifier
C:\DEV\Refinement\Refinement\GLFW.ixx(91,14): error C2182: 'glfwSetWindowTitle': this use of 'void' is not valid
C:\DEV\Refinement\Refinement\GLFW.ixx(91,45): error C2065: 'window': undeclared identifier
C:\DEV\Refinement\Refinement\GLFW.ixx(91,53): error C2059: syntax error: 'const'
C:\DEV\Refinement\Refinement\GLFW.ixx(92,14): error C2182: 'glfwSetWindowIcon': this use of 'void' is not valid
C:\DEV\Refinement\Refinement\GLFW.ixx(92,44): error C2065: 'window': undeclared identifier
C:\DEV\Refinement\Refinement\GLFW.ixx(92,52): error C2062: type 'int' unexpected
C:\DEV\Refinement\Refinement\GLFW.ixx(93,14): error C2182: 'glfwGetWindowPos': this use of 'void' is not valid
C:\DEV\Refinement\Refinement\GLFW.ixx(93,43): error C2065: 'window': undeclared identifier
C:\DEV\Refinement\Refinement\GLFW.ixx(93,51): error C2062: type 'int' unexpected
C:\DEV\Refinement\Refinement\GLFW.ixx(94,14): error C2182: 'glfwSetWindowPos': this use of 'void' is not valid
C:\DEV\Refinement\Refinement\GLFW.ixx(94,43): error C2065: 'window': undeclared identifier
C:\DEV\Refinement\Refinement\GLFW.ixx(94,51): error C2062: type 'int' unexpected
C:\DEV\Refinement\Refinement\GLFW.ixx(95,14): error C2182: 'glfwGetWindowSize': this use of 'void' is not valid
C:\DEV\Refinement\Refinement\GLFW.ixx(95,44): error C2065: 'window': undeclared identifier
C:\DEV\Refinement\Refinement\GLFW.ixx(95,52): error C2062: type 'int' unexpected
C:\DEV\Refinement\Refinement\GLFW.ixx(96,14): error C2182: 'glfwSetWindowSizeLimits': this use of 'void' is not valid
C:\DEV\Refinement\Refinement\GLFW.ixx(96,50): error C2065: 'window': undeclared identifier
C:\DEV\Refinement\Refinement\GLFW.ixx(96,58): error C2062: type 'int' unexpected
C:\DEV\Refinement\Refinement\GLFW.ixx(97,14): error C2182: 'glfwSetWindowAspectRatio': this use of 'void' is not valid
C:\DEV\Refinement\Refinement\GLFW.ixx(97,51): error C2065: 'window': undeclared identifier
C:\DEV\Refinement\Refinement\GLFW.ixx(97,59): error C2062: type 'int' unexpected
C:\DEV\Refinement\Refinement\GLFW.ixx(98,14): error C2182: 'glfwSetWindowSize': this use of 'void' is not valid
C:\DEV\Refinement\Refinement\GLFW.ixx(98,44): error C2065: 'window': undeclared identifier
C:\DEV\Refinement\Refinement\GLFW.ixx(98,52): error C2062: type 'int' unexpected
C:\DEV\Refinement\Refinement\GLFW.ixx(99,14): error C2182: 'glfwGetFramebufferSize': this use of 'void' is not valid
C:\DEV\Refinement\Refinement\GLFW.ixx(99,49): error C2065: 'window': undeclared identifier
C:\DEV\Refinement\Refinement\GLFW.ixx(99,57): error C2062: type 'int' unexpected
C:\DEV\Refinement\Refinement\GLFW.ixx(100,14): error C2182: 'glfwGetWindowFrameSize': this use of 'void' is not valid
C:\DEV\Refinement\Refinement\GLFW.ixx(100,49): error C2065: 'window': undeclared identifier
C:\DEV\Refinement\Refinement\GLFW.ixx(100,57): error C2062: type 'int' unexpected
C:\DEV\Refinement\Refinement\GLFW.ixx(101,14): error C2182: 'glfwGetWindowContentScale': this use of 'void' is not valid
C:\DEV\Refinement\Refinement\GLFW.ixx(101,52): error C2065: 'window': undeclared identifier
C:\DEV\Refinement\Refinement\GLFW.ixx(101,60): error C2062: type 'float' unexpected
C:\DEV\Refinement\Refinement\GLFW.ixx(102,48): error C2065: 'window': undeclared identifier
C:\DEV\Refinement\Refinement\GLFW.ixx(103,14): error C2182: 'glfwSetWindowOpacity': this use of 'void' is not valid
C:\DEV\Refinement\Refinement\GLFW.ixx(103,47): error C2065: 'window': undeclared identifier
C:\DEV\Refinement\Refinement\GLFW.ixx(103,55): error C2062: type 'float' unexpected
C:\DEV\Refinement\Refinement\GLFW.ixx(104,14): error C2182: 'glfwIconifyWindow': this use of 'void' is not valid
C:\DEV\Refinement\Refinement\GLFW.ixx(104,44): error C2065: 'window': undeclared identifier
C:\DEV\Refinement\Refinement\GLFW.ixx(105,14): error C2182: 'glfwRestoreWindow': this use of 'void' is not valid
C:\DEV\Refinement\Refinement\GLFW.ixx(105,44): error C2065: 'window': undeclared identifier
C:\DEV\Refinement\Refinement\GLFW.ixx(106,14): error C2182: 'glfwMaximizeWindow': this use of 'void' is not valid
C:\DEV\Refinement\Refinement\GLFW.ixx(106,45): error C2065: 'window': undeclared identifier
C:\DEV\Refinement\Refinement\GLFW.ixx(107,14): error C2182: 'glfwShowWindow': this use of 'void' is not valid
C:\DEV\Refinement\Refinement\GLFW.ixx(107,41): error C2065: 'window': undeclared identifier
C:\DEV\Refinement\Refinement\GLFW.ixx(108,14): error C2182: 'glfwHideWindow': this use of 'void' is not valid
C:\DEV\Refinement\Refinement\GLFW.ixx(108,41): error C2065: 'window': undeclared identifier
C:\DEV\Refinement\Refinement\GLFW.ixx(109,14): error C2182: 'glfwFocusWindow': this use of 'void' is not valid
C:\DEV\Refinement\Refinement\GLFW.ixx(109,14): error C1003: error count exceeds 100; stopping compilation
