  On branch master
  Your branch is up to date with 'origin/master'.
  
  Changes to be committed:
    (use "git restore --staged <file>..." to unstage)
  	modified:   .gitignore
  	new file:   .vs/Refinement/v17/.wsuo
  	new file:   .vs/Refinement/v17/DocumentLayout.json
  	new file:   .vs/Refinement/v17/ipch/AutoPCH/179b95032bf1ff4c/COCOA_PLATFORM.ipch
  	new file:   .vs/Refinement/v17/ipch/AutoPCH/2fb1901e0991bb52/NULL_WINDOW.ipch
  	new file:   .vs/Refinement/v17/ipch/AutoPCH/40dc81751b7b006e/NULL_MONITOR.ipch
  	new file:   .vs/Refinement/v17/ipch/AutoPCH/42a82968b2847958/GLFWPLATFORM-NULLPLATFORMTOKENS.ipch
  	new file:   .vs/Refinement/v17/ipch/AutoPCH/46eb9cc2e98075b5/GLFWPLATFORM-NULLPLATFORMTYPES.ipch
  	new file:   .vs/Refinement/v17/ipch/AutoPCH/52f27d62582e5aec/PLATFORM.ipch
  	new file:   .vs/Refinement/v17/ipch/AutoPCH/52f28862582e6d9d/PLATFORM.ipch
  	new file:   .vs/Refinement/v17/ipch/AutoPCH/7aca93be10a460bf/COCOA_TIME.ipch
  	new file:   .vs/Refinement/v17/ipch/AutoPCH/805385c96fb86244/GLFWINTERNAL-VKTYPES.ipch
  	new file:   .vs/Refinement/v17/ipch/AutoPCH/e35fb133b6566ba2/WL_PLATFORM.ipch
  	new file:   .vs/VSWorkspaceState.json
  	modified:   Bash_Scripts/git_auto_commit.bat
  	modified:   GLFW.ixx
  	renamed:    GLFW-Tokens.ixx -> GLFWCoreTokens.ixx
  	renamed:    GLFW-Types.ixx -> GLFWCoreTypes.ixx
  	renamed:    internal.h -> GLFWInternal.ixx
  	new file:   GLFWInternalCore-Functions.ixx
  	new file:   GLFWInternalCore-Tokens.ixx
  	new file:   GLFWInternalCore-Types.ixx
  	new file:   GLFWInternalCore.ixx
  	new file:   GLFWInternalEGL-Functions.ixx
  	new file:   GLFWInternalEGL-Tokens.ixx
  	new file:   GLFWInternalEGL-Types.ixx
  	new file:   GLFWInternalEGL.ixx
  	new file:   GLFWInternalOSMesa-Functions.ixx
  	new file:   GLFWInternalOSMesa-Tokens.ixx
  	new file:   GLFWInternalOSMesa-Types.ixx
  	new file:   GLFWInternalOSMesa.ixx
  	new file:   GLFWInternalVk-Functions.ixx
  	new file:   GLFWInternalVk-Tokens.ixx
  	new file:   GLFWInternalVk-Types.ixx
  	new file:   GLFWInternalVk.ixx
  	new file:   GLFWNullPlatform-Functions.ixx
  	new file:   GLFWNullPlatform-Tokens.ixx
  	new file:   GLFWNullPlatform-Types.ixx
  	new file:   GLFWNullPlatform.ixx
  	new file:   GLFWPlatform.ixx
  	modified:   Refinement.vcxproj
  	modified:   Refinement.vcxproj.filters
  	new file:   Refinement/x64/Debug/ALL_MODULES.ixx.ifc.dt.d.json
  	new file:   Refinement/x64/Debug/ALL_MODULES.ixx.ifc.dt.module.json
  	new file:   Refinement/x64/Debug/ALL_MODULES.ixx.ifc.dt.module.json.command
  	new file:   Refinement/x64/Debug/BlenderObject-BlenderObjectData.ixx.ifc.dt.d.json
  	new file:   Refinement/x64/Debug/BlenderObject-BlenderObjectData.ixx.ifc.dt.module.json
  	new file:   Refinement/x64/Debug/BlenderObject-BlenderObjectData.ixx.ifc.dt.module.json.command
  	new file:   Refinement/x64/Debug/BlenderObject-Material.ixx.ifc.dt.module.json.command
  	new file:   Refinement/x64/Debug/BlenderObject-ShapeKey.ixx.ifc.dt.d.json
  	new file:   Refinement/x64/Debug/BlenderObject-ShapeKey.ixx.ifc.dt.module.json
  	new file:   Refinement/x64/Debug/BlenderObject-ShapeKey.ixx.ifc.dt.module.json.command
  	new file:   Refinement/x64/Debug/BlenderObject-ShapeKeyFrame.ixx.ifc.dt.module.json.command
  	new file:   Refinement/x64/Debug/BlenderObject-TransformKeyFrame.ixx.ifc.dt.module.json.command
  	new file:   Refinement/x64/Debug/BlenderObject-Triangle.ixx.ifc.dt.module.json.command
  	new file:   Refinement/x64/Debug/BlenderObject.ixx.ifc.dt.module.json.command
  	new file:   Refinement/x64/Debug/GLAD.ixx.ifc.dt
  	new file:   Refinement/x64/Debug/GLAD.ixx.ifc.dt.command
  	new file:   Refinement/x64/Debug/GLAD.ixx.ifc.dt.d.json
  	new file:   Refinement/x64/Debug/GLAD.ixx.ifc.dt.module.json
  	new file:   Refinement/x64/Debug/GLAD.ixx.ifc.dt.module.json.command
  	new file:   Refinement/x64/Debug/GLAD_1_0.ixx.ifc.dt
  	new file:   Refinement/x64/Debug/GLAD_1_0.ixx.ifc.dt.command
  	new file:   Refinement/x64/Debug/GLAD_1_0.ixx.ifc.dt.d.json
  	new file:   Refinement/x64/Debug/GLAD_1_0.ixx.ifc.dt.module.json
  	new file:   Refinement/x64/Debug/GLAD_1_0.ixx.ifc.dt.module.json.command
  	new file:   Refinement/x64/Debug/GLAD_1_1.ixx.ifc.dt
  	new file:   Refinement/x64/Debug/GLAD_1_1.ixx.ifc.dt.command
  	new file:   Refinement/x64/Debug/GLAD_1_1.ixx.ifc.dt.d.json
  	new file:   Refinement/x64/Debug/GLAD_1_1.ixx.ifc.dt.module.json
  	new file:   Refinement/x64/Debug/GLAD_1_1.ixx.ifc.dt.module.json.command
  	new file:   Refinement/x64/Debug/GLAD_1_2.ixx.ifc.dt
  	new file:   Refinement/x64/Debug/GLAD_1_2.ixx.ifc.dt.command
  	new file:   Refinement/x64/Debug/GLAD_1_2.ixx.ifc.dt.d.json
  	new file:   Refinement/x64/Debug/GLAD_1_2.ixx.ifc.dt.module.json
  	new file:   Refinement/x64/Debug/GLAD_1_2.ixx.ifc.dt.module.json.command
  	new file:   Refinement/x64/Debug/GLAD_1_3.ixx.ifc.dt
  	new file:   Refinement/x64/Debug/GLAD_1_3.ixx.ifc.dt.command
  	new file:   Refinement/x64/Debug/GLAD_1_3.ixx.ifc.dt.d.json
  	new file:   Refinement/x64/Debug/GLAD_1_3.ixx.ifc.dt.module.json
  	new file:   Refinement/x64/Debug/GLAD_1_3.ixx.ifc.dt.module.json.command
  	new file:   Refinement/x64/Debug/GLAD_1_4.ixx.ifc.dt
  	new file:   Refinement/x64/Debug/GLAD_1_4.ixx.ifc.dt.command
  	new file:   Refinement/x64/Debug/GLAD_1_4.ixx.ifc.dt.d.json
  	new file:   Refinement/x64/Debug/GLAD_1_4.ixx.ifc.dt.module.json
  	new file:   Refinement/x64/Debug/GLAD_1_4.ixx.ifc.dt.module.json.command
  	new file:   Refinement/x64/Debug/GLAD_1_5.ixx.ifc.dt
  	new file:   Refinement/x64/Debug/GLAD_1_5.ixx.ifc.dt.command
  	new file:   Refinement/x64/Debug/GLAD_1_5.ixx.ifc.dt.d.json
  	new file:   Refinement/x64/Debug/GLAD_1_5.ixx.ifc.dt.module.json
  	new file:   Refinement/x64/Debug/GLAD_1_5.ixx.ifc.dt.module.json.command
  	new file:   Refinement/x64/Debug/GLAD_2_0.ixx.ifc.dt
  	new file:   Refinement/x64/Debug/GLAD_2_0.ixx.ifc.dt.command
  	new file:   Refinement/x64/Debug/GLAD_2_0.ixx.ifc.dt.d.json
  	new file:   Refinement/x64/Debug/GLAD_2_0.ixx.ifc.dt.module.json
  	new file:   Refinement/x64/Debug/GLAD_2_0.ixx.ifc.dt.module.json.command
  	new file:   Refinement/x64/Debug/GLAD_2_1.ixx.ifc.dt
  	new file:   Refinement/x64/Debug/GLAD_2_1.ixx.ifc.dt.command
  	new file:   Refinement/x64/Debug/GLAD_2_1.ixx.ifc.dt.d.json
  	new file:   Refinement/x64/Debug/GLAD_2_1.ixx.ifc.dt.module.json
  	new file:   Refinement/x64/Debug/GLAD_2_1.ixx.ifc.dt.module.json.command
  	new file:   Refinement/x64/Debug/GLAD_3_0.ixx.ifc.dt
  	new file:   Refinement/x64/Debug/GLAD_3_0.ixx.ifc.dt.command
  	new file:   Refinement/x64/Debug/GLAD_3_0.ixx.ifc.dt.d.json
  	new file:   Refinement/x64/Debug/GLAD_3_0.ixx.ifc.dt.module.json
  	new file:   Refinement/x64/Debug/GLAD_3_0.ixx.ifc.dt.module.json.command
  	new file:   Refinement/x64/Debug/GLAD_3_1.ixx.ifc.dt
  	new file:   Refinement/x64/Debug/GLAD_3_1.ixx.ifc.dt.command
  	new file:   Refinement/x64/Debug/GLAD_3_1.ixx.ifc.dt.d.json
  	new file:   Refinement/x64/Debug/GLAD_3_1.ixx.ifc.dt.module.json
  	new file:   Refinement/x64/Debug/GLAD_3_1.ixx.ifc.dt.module.json.command
  	new file:   Refinement/x64/Debug/GLAD_3_2.ixx.ifc.dt
  	new file:   Refinement/x64/Debug/GLAD_3_2.ixx.ifc.dt.command
  	new file:   Refinement/x64/Debug/GLAD_3_2.ixx.ifc.dt.d.json
  	new file:   Refinement/x64/Debug/GLAD_3_2.ixx.ifc.dt.module.json
  	new file:   Refinement/x64/Debug/GLAD_3_2.ixx.ifc.dt.module.json.command
  	new file:   Refinement/x64/Debug/GLAD_3_3.ixx.ifc.dt
  	new file:   Refinement/x64/Debug/GLAD_3_3.ixx.ifc.dt.command
  	new file:   Refinement/x64/Debug/GLAD_3_3.ixx.ifc.dt.d.json
  	new file:   Refinement/x64/Debug/GLAD_3_3.ixx.ifc.dt.module.json
  	new file:   Refinement/x64/Debug/GLAD_3_3.ixx.ifc.dt.module.json.command
  	new file:   Refinement/x64/Debug/GLAD_4_0.ixx.ifc.dt
  	new file:   Refinement/x64/Debug/GLAD_4_0.ixx.ifc.dt.command
  	new file:   Refinement/x64/Debug/GLAD_4_0.ixx.ifc.dt.d.json
  	new file:   Refinement/x64/Debug/GLAD_4_0.ixx.ifc.dt.module.json
  	new file:   Refinement/x64/Debug/GLAD_4_0.ixx.ifc.dt.module.json.command
  	new file:   Refinement/x64/Debug/GLAD_4_1.ixx.ifc.dt
  	new file:   Refinement/x64/Debug/GLAD_4_1.ixx.ifc.dt.command
  	new file:   Refinement/x64/Debug/GLAD_4_1.ixx.ifc.dt.d.json
  	new file:   Refinement/x64/Debug/GLAD_4_1.ixx.ifc.dt.module.json
  	new file:   Refinement/x64/Debug/GLAD_4_1.ixx.ifc.dt.module.json.command
  	new file:   Refinement/x64/Debug/GLAD_4_2.ixx.ifc.dt
  	new file:   Refinement/x64/Debug/GLAD_4_2.ixx.ifc.dt.command
  	new file:   Refinement/x64/Debug/GLAD_4_2.ixx.ifc.dt.d.json
  	new file:   Refinement/x64/Debug/GLAD_4_2.ixx.ifc.dt.module.json
  	new file:   Refinement/x64/Debug/GLAD_4_2.ixx.ifc.dt.module.json.command
  	new file:   Refinement/x64/Debug/GLAD_4_3.ixx.ifc.dt
  	new file:   Refinement/x64/Debug/GLAD_4_3.ixx.ifc.dt.command
  	new file:   Refinement/x64/Debug/GLAD_4_3.ixx.ifc.dt.d.json
  	new file:   Refinement/x64/Debug/GLAD_4_3.ixx.ifc.dt.module.json
  	new file:   Refinement/x64/Debug/GLAD_4_3.ixx.ifc.dt.module.json.command
  	new file:   Refinement/x64/Debug/GLAD_4_4.ixx.ifc.dt
  	new file:   Refinement/x64/Debug/GLAD_4_4.ixx.ifc.dt.command
  	new file:   Refinement/x64/Debug/GLAD_4_4.ixx.ifc.dt.d.json
  	new file:   Refinement/x64/Debug/GLAD_4_4.ixx.ifc.dt.module.json
  	new file:   Refinement/x64/Debug/GLAD_4_4.ixx.ifc.dt.module.json.command
  	new file:   Refinement/x64/Debug/GLAD_4_5.ixx.ifc.dt
  	new file:   Refinement/x64/Debug/GLAD_4_5.ixx.ifc.dt.command
  	new file:   Refinement/x64/Debug/GLAD_4_5.ixx.ifc.dt.d.json
  	new file:   Refinement/x64/Debug/GLAD_4_5.ixx.ifc.dt.module.json
  	new file:   Refinement/x64/Debug/GLAD_4_5.ixx.ifc.dt.module.json.command
  	new file:   Refinement/x64/Debug/GLAD_4_6.ixx.ifc.dt
  	new file:   Refinement/x64/Debug/GLAD_4_6.ixx.ifc.dt.command
  	new file:   Refinement/x64/Debug/GLAD_4_6.ixx.ifc.dt.d.json
  	new file:   Refinement/x64/Debug/GLAD_4_6.ixx.ifc.dt.module.json
  	new file:   Refinement/x64/Debug/GLAD_4_6.ixx.ifc.dt.module.json.command
  	new file:   Refinement/x64/Debug/GLAD_BASE-Macros.ixx.ifc.dt
  	new file:   Refinement/x64/Debug/GLAD_BASE-Macros.ixx.ifc.dt.command
  	new file:   Refinement/x64/Debug/GLAD_BASE-Macros.ixx.ifc.dt.d.json
  	new file:   Refinement/x64/Debug/GLAD_BASE-Macros.ixx.ifc.dt.module.json
  	new file:   Refinement/x64/Debug/GLAD_BASE-Macros.ixx.ifc.dt.module.json.command
  	new file:   Refinement/x64/Debug/GLAD_BASE-Types.ixx.ifc.dt
  	new file:   Refinement/x64/Debug/GLAD_BASE-Types.ixx.ifc.dt.command
  	new file:   Refinement/x64/Debug/GLAD_BASE-Types.ixx.ifc.dt.d.json
  	new file:   Refinement/x64/Debug/GLAD_BASE-Types.ixx.ifc.dt.module.json
  	new file:   Refinement/x64/Debug/GLAD_BASE-Types.ixx.ifc.dt.module.json.command
  	new file:   Refinement/x64/Debug/GLAD_BASE.ixx.ifc.dt
  	new file:   Refinement/x64/Debug/GLAD_BASE.ixx.ifc.dt.command
  	new file:   Refinement/x64/Debug/GLAD_BASE.ixx.ifc.dt.d.json
  	new file:   Refinement/x64/Debug/GLAD_BASE.ixx.ifc.dt.module.json
  	new file:   Refinement/x64/Debug/GLAD_BASE.ixx.ifc.dt.module.json.command
  	new file:   Refinement/x64/Debug/GLFW-Tokens.ixx.ifc.dt
  	new file:   Refinement/x64/Debug/GLFW-Tokens.ixx.ifc.dt.command
  	new file:   Refinement/x64/Debug/GLFW-Tokens.ixx.ifc.dt.d.json
  	new file:   Refinement/x64/Debug/GLFW-Tokens.ixx.ifc.dt.module.json
  	new file:   Refinement/x64/Debug/GLFW-Tokens.ixx.ifc.dt.module.json.command
  	new file:   Refinement/x64/Debug/GLFW-Types.ixx.ifc.dt
  	new file:   Refinement/x64/Debug/GLFW-Types.ixx.ifc.dt.command
  	new file:   Refinement/x64/Debug/GLFW-Types.ixx.ifc.dt.d.json
  	new file:   Refinement/x64/Debug/GLFW-Types.ixx.ifc.dt.module.json
  	new file:   Refinement/x64/Debug/GLFW-Types.ixx.ifc.dt.module.json.command
  	new file:   Refinement/x64/Debug/GLFW.ixx.ifc.dt.command
  	new file:   Refinement/x64/Debug/GLFW.ixx.ifc.dt.d.json
  	new file:   Refinement/x64/Debug/GLFW.ixx.ifc.dt.module.json
  	new file:   Refinement/x64/Debug/GLFW.ixx.ifc.dt.module.json.command
  	new file:   Refinement/x64/Debug/GLFWCoreTokens.ixx.ifc.dt
  	new file:   Refinement/x64/Debug/GLFWCoreTokens.ixx.ifc.dt.command
  	new file:   Refinement/x64/Debug/GLFWCoreTokens.ixx.ifc.dt.d.json
  	new file:   Refinement/x64/Debug/GLFWCoreTokens.ixx.ifc.dt.module.json
  	new file:   Refinement/x64/Debug/GLFWCoreTokens.ixx.ifc.dt.module.json.command
  	new file:   Refinement/x64/Debug/GLFWCoreTypes.ixx.ifc.dt
  	new file:   Refinement/x64/Debug/GLFWCoreTypes.ixx.ifc.dt.command
  	new file:   Refinement/x64/Debug/GLFWCoreTypes.ixx.ifc.dt.d.json
  	new file:   Refinement/x64/Debug/GLFWCoreTypes.ixx.ifc.dt.module.json
  	new file:   Refinement/x64/Debug/GLFWCoreTypes.ixx.ifc.dt.module.json.command
  	new file:   Refinement/x64/Debug/GLFWInternal-Base.ixx.ifc.dt.d.json
  	new file:   Refinement/x64/Debug/GLFWInternal-Base.ixx.ifc.dt.module.json
  	new file:   Refinement/x64/Debug/GLFWInternal-Base.ixx.ifc.dt.module.json.command
  	new file:   Refinement/x64/Debug/GLFWInternal-EGL.ixx.ifc.dt
  	new file:   Refinement/x64/Debug/GLFWInternal-EGL.ixx.ifc.dt.command
  	new file:   Refinement/x64/Debug/GLFWInternal-EGL.ixx.ifc.dt.d.json
  	new file:   Refinement/x64/Debug/GLFWInternal-EGL.ixx.ifc.dt.module.json
  	new file:   Refinement/x64/Debug/GLFWInternal-EGL.ixx.ifc.dt.module.json.command
  	new file:   Refinement/x64/Debug/GLFWInternal-EGLFunctions.ixx.ifc.dt.command
  	new file:   Refinement/x64/Debug/GLFWInternal-EGLFunctions.ixx.ifc.dt.d.json
  	new file:   Refinement/x64/Debug/GLFWInternal-EGLFunctions.ixx.ifc.dt.module.json
  	new file:   Refinement/x64/Debug/GLFWInternal-EGLFunctions.ixx.ifc.dt.module.json.command
  	new file:   Refinement/x64/Debug/GLFWInternal-EGLTokens.ixx.ifc.dt
  	new file:   Refinement/x64/Debug/GLFWInternal-EGLTokens.ixx.ifc.dt.command
  	new file:   Refinement/x64/Debug/GLFWInternal-EGLTokens.ixx.ifc.dt.d.json
  	new file:   Refinement/x64/Debug/GLFWInternal-EGLTokens.ixx.ifc.dt.module.json
  	new file:   Refinement/x64/Debug/GLFWInternal-EGLTokens.ixx.ifc.dt.module.json.command
  	new file:   Refinement/x64/Debug/GLFWInternal-EGLTypes.ixx.ifc.dt
  	new file:   Refinement/x64/Debug/GLFWInternal-EGLTypes.ixx.ifc.dt.command
  	new file:   Refinement/x64/Debug/GLFWInternal-EGLTypes.ixx.ifc.dt.d.json
  	new file:   Refinement/x64/Debug/GLFWInternal-EGLTypes.ixx.ifc.dt.module.json
  	new file:   Refinement/x64/Debug/GLFWInternal-EGLTypes.ixx.ifc.dt.module.json.command
  	new file:   Refinement/x64/Debug/GLFWInternal-Functions.ixx.ifc.dt.d.json
  	new file:   Refinement/x64/Debug/GLFWInternal-Functions.ixx.ifc.dt.module.json
  	new file:   Refinement/x64/Debug/GLFWInternal-Functions.ixx.ifc.dt.module.json.command
  	new file:   Refinement/x64/Debug/GLFWInternal-Internal.ixx.ifc.dt
  	new file:   Refinement/x64/Debug/GLFWInternal-Internal.ixx.ifc.dt.command
  	new file:   Refinement/x64/Debug/GLFWInternal-Internal.ixx.ifc.dt.d.json
  	new file:   Refinement/x64/Debug/GLFWInternal-Internal.ixx.ifc.dt.module.json
  	new file:   Refinement/x64/Debug/GLFWInternal-Internal.ixx.ifc.dt.module.json.command
  	new file:   Refinement/x64/Debug/GLFWInternal-InternalFunctions.ixx.ifc.dt
  	new file:   Refinement/x64/Debug/GLFWInternal-InternalFunctions.ixx.ifc.dt.command
  	new file:   Refinement/x64/Debug/GLFWInternal-InternalFunctions.ixx.ifc.dt.d.json
  	new file:   Refinement/x64/Debug/GLFWInternal-InternalFunctions.ixx.ifc.dt.module.json
  	new file:   Refinement/x64/Debug/GLFWInternal-InternalFunctions.ixx.ifc.dt.module.json.command
  	new file:   Refinement/x64/Debug/GLFWInternal-InternalTokens.ixx.ifc.dt
  	new file:   Refinement/x64/Debug/GLFWInternal-InternalTokens.ixx.ifc.dt.command
  	new file:   Refinement/x64/Debug/GLFWInternal-InternalTokens.ixx.ifc.dt.d.json
  	new file:   Refinement/x64/Debug/GLFWInternal-InternalTokens.ixx.ifc.dt.module.json
  	new file:   Refinement/x64/Debug/GLFWInternal-InternalTokens.ixx.ifc.dt.module.json.command
  	new file:   Refinement/x64/Debug/GLFWInternal-InternalTypes.ixx.ifc.dt
  	new file:   Refinement/x64/Debug/GLFWInternal-InternalTypes.ixx.ifc.dt.command
  	new file:   Refinement/x64/Debug/GLFWInternal-InternalTypes.ixx.ifc.dt.d.json
  	new file:   Refinement/x64/Debug/GLFWInternal-InternalTypes.ixx.ifc.dt.module.json
  	new file:   Refinement/x64/Debug/GLFWInternal-InternalTypes.ixx.ifc.dt.module.json.command
  	new file:   Refinement/x64/Debug/GLFWInternal-Internal_Types.ixx.ifc.dt.d.json
  	new file:   Refinement/x64/Debug/GLFWInternal-Internal_Types.ixx.ifc.dt.module.json
  	new file:   Refinement/x64/Debug/GLFWInternal-Internal_Types.ixx.ifc.dt.module.json.command
  	new file:   Refinement/x64/Debug/GLFWInternal-OSMesa.ixx.ifc.dt
  	new file:   Refinement/x64/Debug/GLFWInternal-OSMesa.ixx.ifc.dt.command
  	new file:   Refinement/x64/Debug/GLFWInternal-OSMesa.ixx.ifc.dt.d.json
  	new file:   Refinement/x64/Debug/GLFWInternal-OSMesa.ixx.ifc.dt.module.json
  	new file:   Refinement/x64/Debug/GLFWInternal-OSMesa.ixx.ifc.dt.module.json.command
  	new file:   Refinement/x64/Debug/GLFWInternal-OSMesaFunctions.ixx.ifc.dt.command
  	new file:   Refinement/x64/Debug/GLFWInternal-OSMesaFunctions.ixx.ifc.dt.d.json
  	new file:   Refinement/x64/Debug/GLFWInternal-OSMesaFunctions.ixx.ifc.dt.module.json
  	new file:   Refinement/x64/Debug/GLFWInternal-OSMesaFunctions.ixx.ifc.dt.module.json.command
  	new file:   Refinement/x64/Debug/GLFWInternal-OSMesaTokens.ixx.ifc.dt
  	new file:   Refinement/x64/Debug/GLFWInternal-OSMesaTokens.ixx.ifc.dt.command
  	new file:   Refinement/x64/Debug/GLFWInternal-OSMesaTokens.ixx.ifc.dt.d.json
  	new file:   Refinement/x64/Debug/GLFWInternal-OSMesaTokens.ixx.ifc.dt.module.json
  	new file:   Refinement/x64/Debug/GLFWInternal-OSMesaTokens.ixx.ifc.dt.module.json.command
  	new file:   Refinement/x64/Debug/GLFWInternal-OSMesaTypes.ixx.ifc.dt
  	new file:   Refinement/x64/Debug/GLFWInternal-OSMesaTypes.ixx.ifc.dt.command
  	new file:   Refinement/x64/Debug/GLFWInternal-OSMesaTypes.ixx.ifc.dt.d.json
  	new file:   Refinement/x64/Debug/GLFWInternal-OSMesaTypes.ixx.ifc.dt.module.json
  	new file:   Refinement/x64/Debug/GLFWInternal-OSMesaTypes.ixx.ifc.dt.module.json.command
  	new file:   Refinement/x64/Debug/GLFWInternal-Tokens.ixx.ifc.dt
  	new file:   Refinement/x64/Debug/GLFWInternal-Tokens.ixx.ifc.dt.command
  	new file:   Refinement/x64/Debug/GLFWInternal-Tokens.ixx.ifc.dt.d.json
  	new file:   Refinement/x64/Debug/GLFWInternal-Tokens.ixx.ifc.dt.module.json
  	new file:   Refinement/x64/Debug/GLFWInternal-Tokens.ixx.ifc.dt.module.json.command
  	new file:   Refinement/x64/Debug/GLFWInternal-Types.ixx.ifc.dt
  	new file:   Refinement/x64/Debug/GLFWInternal-Types.ixx.ifc.dt.command
  	new file:   Refinement/x64/Debug/GLFWInternal-Types.ixx.ifc.dt.d.json
  	new file:   Refinement/x64/Debug/GLFWInternal-Types.ixx.ifc.dt.module.json
  	new file:   Refinement/x64/Debug/GLFWInternal-Types.ixx.ifc.dt.module.json.command
  	new file:   Refinement/x64/Debug/GLFWInternal-Vk.ixx.ifc.dt.d.json
  	new file:   Refinement/x64/Debug/GLFWInternal-Vk.ixx.ifc.dt.module.json
  	new file:   Refinement/x64/Debug/GLFWInternal-Vk.ixx.ifc.dt.module.json.command
  	new file:   Refinement/x64/Debug/GLFWInternal-VkFunctions.ixx.ifc.dt
  	new file:   Refinement/x64/Debug/GLFWInternal-VkFunctions.ixx.ifc.dt.command
  	new file:   Refinement/x64/Debug/GLFWInternal-VkFunctions.ixx.ifc.dt.d.json
  	new file:   Refinement/x64/Debug/GLFWInternal-VkFunctions.ixx.ifc.dt.module.json
  	new file:   Refinement/x64/Debug/GLFWInternal-VkFunctions.ixx.ifc.dt.module.json.command
  	new file:   Refinement/x64/Debug/GLFWInternal-VkTokens.ixx.ifc.dt
  	new file:   Refinement/x64/Debug/GLFWInternal-VkTokens.ixx.ifc.dt.command
  	new file:   Refinement/x64/Debug/GLFWInternal-VkTokens.ixx.ifc.dt.d.json
  	new file:   Refinement/x64/Debug/GLFWInternal-VkTokens.ixx.ifc.dt.module.json
  	new file:   Refinement/x64/Debug/GLFWInternal-VkTokens.ixx.ifc.dt.module.json.command
  	new file:   Refinement/x64/Debug/GLFWInternal-VkTypes.ixx.ifc.dt
  	new file:   Refinement/x64/Debug/GLFWInternal-VkTypes.ixx.ifc.dt.command
  	new file:   Refinement/x64/Debug/GLFWInternal-VkTypes.ixx.ifc.dt.d.json
  	new file:   Refinement/x64/Debug/GLFWInternal-VkTypes.ixx.ifc.dt.module.json
  	new file:   Refinement/x64/Debug/GLFWInternal-VkTypes.ixx.ifc.dt.module.json.command
  	new file:   Refinement/x64/Debug/GLFWInternal.ixx.obj.dt.module.json.command
  	new file:   Refinement/x64/Debug/GLFWInternalCore-Functions.ixx.ifc.dt
  	new file:   Refinement/x64/Debug/GLFWInternalCore-Functions.ixx.ifc.dt.command
  	new file:   Refinement/x64/Debug/GLFWInternalCore-Functions.ixx.ifc.dt.d.json
  	new file:   Refinement/x64/Debug/GLFWInternalCore-Functions.ixx.ifc.dt.module.json
  	new file:   Refinement/x64/Debug/GLFWInternalCore-Functions.ixx.ifc.dt.module.json.command
  	new file:   Refinement/x64/Debug/GLFWInternalCore-Tokens.ixx.ifc.dt
  	new file:   Refinement/x64/Debug/GLFWInternalCore-Tokens.ixx.ifc.dt.command
  	new file:   Refinement/x64/Debug/GLFWInternalCore-Tokens.ixx.ifc.dt.d.json
  	new file:   Refinement/x64/Debug/GLFWInternalCore-Tokens.ixx.ifc.dt.module.json
  	new file:   Refinement/x64/Debug/GLFWInternalCore-Tokens.ixx.ifc.dt.module.json.command
  	new file:   Refinement/x64/Debug/GLFWInternalCore-Types.ixx.ifc.dt
  	new file:   Refinement/x64/Debug/GLFWInternalCore-Types.ixx.ifc.dt.command
  	new file:   Refinement/x64/Debug/GLFWInternalCore-Types.ixx.ifc.dt.d.json
  	new file:   Refinement/x64/Debug/GLFWInternalCore-Types.ixx.ifc.dt.module.json
  	new file:   Refinement/x64/Debug/GLFWInternalCore-Types.ixx.ifc.dt.module.json.command
  	new file:   Refinement/x64/Debug/GLFWInternalCore.ixx.ifc.dt
  	new file:   Refinement/x64/Debug/GLFWInternalCore.ixx.ifc.dt.command
  	new file:   Refinement/x64/Debug/GLFWInternalCore.ixx.ifc.dt.d.json
  	new file:   Refinement/x64/Debug/GLFWInternalCore.ixx.ifc.dt.module.json
  	new file:   Refinement/x64/Debug/GLFWInternalCore.ixx.ifc.dt.module.json.command
  	new file:   Refinement/x64/Debug/GLFWInternalEGL-Functions.ixx.ifc.dt
  	new file:   Refinement/x64/Debug/GLFWInternalEGL-Functions.ixx.ifc.dt.command
  	new file:   Refinement/x64/Debug/GLFWInternalEGL-Functions.ixx.ifc.dt.d.json
  	new file:   Refinement/x64/Debug/GLFWInternalEGL-Functions.ixx.ifc.dt.module.json
  	new file:   Refinement/x64/Debug/GLFWInternalEGL-Functions.ixx.ifc.dt.module.json.command
  	new file:   Refinement/x64/Debug/GLFWInternalEGL-Tokens.ixx.ifc.dt
  	new file:   Refinement/x64/Debug/GLFWInternalEGL-Tokens.ixx.ifc.dt.command
  	new file:   Refinement/x64/Debug/GLFWInternalEGL-Tokens.ixx.ifc.dt.d.json
  	new file:   Refinement/x64/Debug/GLFWInternalEGL-Tokens.ixx.ifc.dt.module.json
  	new file:   Refinement/x64/Debug/GLFWInternalEGL-Tokens.ixx.ifc.dt.module.json.command
  	new file:   Refinement/x64/Debug/GLFWInternalEGL-Types.ixx.ifc.dt
  	new file:   Refinement/x64/Debug/GLFWInternalEGL-Types.ixx.ifc.dt.command
  	new file:   Refinement/x64/Debug/GLFWInternalEGL-Types.ixx.ifc.dt.d.json
  	new file:   Refinement/x64/Debug/GLFWInternalEGL-Types.ixx.ifc.dt.module.json
  	new file:   Refinement/x64/Debug/GLFWInternalEGL-Types.ixx.ifc.dt.module.json.command
  	new file:   Refinement/x64/Debug/GLFWInternalEGL.ixx.ifc.dt
  	new file:   Refinement/x64/Debug/GLFWInternalEGL.ixx.ifc.dt.command
  	new file:   Refinement/x64/Debug/GLFWInternalEGL.ixx.ifc.dt.d.json
  	new file:   Refinement/x64/Debug/GLFWInternalEGL.ixx.ifc.dt.module.json
  	new file:   Refinement/x64/Debug/GLFWInternalEGL.ixx.ifc.dt.module.json.command
  	new file:   Refinement/x64/Debug/GLFWInternalOSMesa-Functions.ixx.ifc.dt
  	new file:   Refinement/x64/Debug/GLFWInternalOSMesa-Functions.ixx.ifc.dt.command
  	new file:   Refinement/x64/Debug/GLFWInternalOSMesa-Functions.ixx.ifc.dt.d.json
  	new file:   Refinement/x64/Debug/GLFWInternalOSMesa-Functions.ixx.ifc.dt.module.json
  	new file:   Refinement/x64/Debug/GLFWInternalOSMesa-Functions.ixx.ifc.dt.module.json.command
  	new file:   Refinement/x64/Debug/GLFWInternalOSMesa-Tokens.ixx.ifc.dt
  	new file:   Refinement/x64/Debug/GLFWInternalOSMesa-Tokens.ixx.ifc.dt.command
  	new file:   Refinement/x64/Debug/GLFWInternalOSMesa-Tokens.ixx.ifc.dt.d.json
  	new file:   Refinement/x64/Debug/GLFWInternalOSMesa-Tokens.ixx.ifc.dt.module.json
  	new file:   Refinement/x64/Debug/GLFWInternalOSMesa-Tokens.ixx.ifc.dt.module.json.command
  	new file:   Refinement/x64/Debug/GLFWInternalOSMesa-Types.ixx.ifc.dt
  	new file:   Refinement/x64/Debug/GLFWInternalOSMesa-Types.ixx.ifc.dt.command
  	new file:   Refinement/x64/Debug/GLFWInternalOSMesa-Types.ixx.ifc.dt.d.json
  	new file:   Refinement/x64/Debug/GLFWInternalOSMesa-Types.ixx.ifc.dt.module.json
  	new file:   Refinement/x64/Debug/GLFWInternalOSMesa-Types.ixx.ifc.dt.module.json.command
  	new file:   Refinement/x64/Debug/GLFWInternalOSMesa.ixx.ifc.dt
  	new file:   Refinement/x64/Debug/GLFWInternalOSMesa.ixx.ifc.dt.command
  	new file:   Refinement/x64/Debug/GLFWInternalOSMesa.ixx.ifc.dt.d.json
  	new file:   Refinement/x64/Debug/GLFWInternalOSMesa.ixx.ifc.dt.module.json
  	new file:   Refinement/x64/Debug/GLFWInternalOSMesa.ixx.ifc.dt.module.json.command
  	new file:   Refinement/x64/Debug/GLFWInternalVk-Functions.ixx.ifc.dt
  	new file:   Refinement/x64/Debug/GLFWInternalVk-Functions.ixx.ifc.dt.command
  	new file:   Refinement/x64/Debug/GLFWInternalVk-Functions.ixx.ifc.dt.d.json
  	new file:   Refinement/x64/Debug/GLFWInternalVk-Functions.ixx.ifc.dt.module.json
  	new file:   Refinement/x64/Debug/GLFWInternalVk-Functions.ixx.ifc.dt.module.json.command
  	new file:   Refinement/x64/Debug/GLFWInternalVk-Tokens.ixx.ifc.dt
  	new file:   Refinement/x64/Debug/GLFWInternalVk-Tokens.ixx.ifc.dt.command
  	new file:   Refinement/x64/Debug/GLFWInternalVk-Tokens.ixx.ifc.dt.d.json
  	new file:   Refinement/x64/Debug/GLFWInternalVk-Tokens.ixx.ifc.dt.module.json
  	new file:   Refinement/x64/Debug/GLFWInternalVk-Tokens.ixx.ifc.dt.module.json.command
  	new file:   Refinement/x64/Debug/GLFWInternalVk-Types.ixx.ifc.dt
  	new file:   Refinement/x64/Debug/GLFWInternalVk-Types.ixx.ifc.dt.command
  	new file:   Refinement/x64/Debug/GLFWInternalVk-Types.ixx.ifc.dt.d.json
  	new file:   Refinement/x64/Debug/GLFWInternalVk-Types.ixx.ifc.dt.module.json
  	new file:   Refinement/x64/Debug/GLFWInternalVk-Types.ixx.ifc.dt.module.json.command
  	new file:   Refinement/x64/Debug/GLFWInternalVk.ixx.ifc.dt
  	new file:   Refinement/x64/Debug/GLFWInternalVk.ixx.ifc.dt.command
  	new file:   Refinement/x64/Debug/GLFWInternalVk.ixx.ifc.dt.d.json
  	new file:   Refinement/x64/Debug/GLFWInternalVk.ixx.ifc.dt.module.json
  	new file:   Refinement/x64/Debug/GLFWInternalVk.ixx.ifc.dt.module.json.command
  	new file:   Refinement/x64/Debug/GLFWNullPlatform-Functions.ixx.ifc.dt.command
  	new file:   Refinement/x64/Debug/GLFWNullPlatform-Functions.ixx.ifc.dt.d.json
  	new file:   Refinement/x64/Debug/GLFWNullPlatform-Functions.ixx.ifc.dt.module.json
  	new file:   Refinement/x64/Debug/GLFWNullPlatform-Functions.ixx.ifc.dt.module.json.command
  	new file:   Refinement/x64/Debug/GLFWNullPlatform-Tokens.ixx.ifc.dt
  	new file:   Refinement/x64/Debug/GLFWNullPlatform-Tokens.ixx.ifc.dt.command
  	new file:   Refinement/x64/Debug/GLFWNullPlatform-Tokens.ixx.ifc.dt.d.json
  	new file:   Refinement/x64/Debug/GLFWNullPlatform-Tokens.ixx.ifc.dt.module.json
  	new file:   Refinement/x64/Debug/GLFWNullPlatform-Tokens.ixx.ifc.dt.module.json.command
  	new file:   Refinement/x64/Debug/GLFWNullPlatform-Types.ixx.ifc.dt
  	new file:   Refinement/x64/Debug/GLFWNullPlatform-Types.ixx.ifc.dt.command
  	new file:   Refinement/x64/Debug/GLFWNullPlatform-Types.ixx.ifc.dt.d.json
  	new file:   Refinement/x64/Debug/GLFWNullPlatform-Types.ixx.ifc.dt.module.json
  	new file:   Refinement/x64/Debug/GLFWNullPlatform-Types.ixx.ifc.dt.module.json.command
  	new file:   Refinement/x64/Debug/GLFWNullPlatform.ixx.ifc.dt.command
  	new file:   Refinement/x64/Debug/GLFWNullPlatform.ixx.ifc.dt.d.json
  	new file:   Refinement/x64/Debug/GLFWNullPlatform.ixx.ifc.dt.module.json
  	new file:   Refinement/x64/Debug/GLFWNullPlatform.ixx.ifc.dt.module.json.command
  	new file:   Refinement/x64/Debug/GLFWPlatform-NullPlatform.ixx.ifc.dt
  	new file:   Refinement/x64/Debug/GLFWPlatform-NullPlatform.ixx.ifc.dt.command
  	new file:   Refinement/x64/Debug/GLFWPlatform-NullPlatform.ixx.ifc.dt.d.json
  	new file:   Refinement/x64/Debug/GLFWPlatform-NullPlatform.ixx.ifc.dt.module.json
  	new file:   Refinement/x64/Debug/GLFWPlatform-NullPlatform.ixx.ifc.dt.module.json.command
  	new file:   Refinement/x64/Debug/GLFWPlatform-NullPlatformFunctions.ixx.ifc.dt
  	new file:   Refinement/x64/Debug/GLFWPlatform-NullPlatformFunctions.ixx.ifc.dt.command
  	new file:   Refinement/x64/Debug/GLFWPlatform-NullPlatformFunctions.ixx.ifc.dt.d.json
  	new file:   Refinement/x64/Debug/GLFWPlatform-NullPlatformFunctions.ixx.ifc.dt.module.json
  	new file:   Refinement/x64/Debug/GLFWPlatform-NullPlatformFunctions.ixx.ifc.dt.module.json.command
  	new file:   Refinement/x64/Debug/GLFWPlatform-NullPlatformTokens.ixx.ifc.dt.command
  	new file:   Refinement/x64/Debug/GLFWPlatform-NullPlatformTokens.ixx.ifc.dt.d.json
  	new file:   Refinement/x64/Debug/GLFWPlatform-NullPlatformTokens.ixx.ifc.dt.module.json
  	new file:   Refinement/x64/Debug/GLFWPlatform-NullPlatformTokens.ixx.ifc.dt.module.json.command
  	new file:   Refinement/x64/Debug/GLFWPlatform-NullPlatformTypes.ixx.ifc.dt.command
  	new file:   Refinement/x64/Debug/GLFWPlatform-NullPlatformTypes.ixx.ifc.dt.d.json
  	new file:   Refinement/x64/Debug/GLFWPlatform-NullPlatformTypes.ixx.ifc.dt.module.json
  	new file:   Refinement/x64/Debug/GLFWPlatform-NullPlatformTypes.ixx.ifc.dt.module.json.command
  	new file:   Refinement/x64/Debug/GLFWPlatform.ixx.ifc.dt.d.json
  	new file:   Refinement/x64/Debug/GLFWPlatform.ixx.ifc.dt.module.json
  	new file:   Refinement/x64/Debug/GLFWPlatform.ixx.ifc.dt.module.json.command
  	new file:   Refinement/x64/Debug/GLFWTokens.ixx.ifc.dt.d.json
  	new file:   Refinement/x64/Debug/GLFWTokens.ixx.ifc.dt.module.json
  	new file:   Refinement/x64/Debug/GLFWTokens.ixx.ifc.dt.module.json.command
  	new file:   Refinement/x64/Debug/GLFWTypes.ixx.ifc.dt.d.json
  	new file:   Refinement/x64/Debug/GLFWTypes.ixx.ifc.dt.module.json
  	new file:   Refinement/x64/Debug/GLFWTypes.ixx.ifc.dt.module.json.command
  	new file:   Refinement/x64/Debug/GLM.ixx.ifc.dt.module.json.command
  	new file:   Refinement/x64/Debug/KHR-Enums.ixx.ifc.dt
  	new file:   Refinement/x64/Debug/KHR-Enums.ixx.ifc.dt.command
  	new file:   Refinement/x64/Debug/KHR-Enums.ixx.ifc.dt.d.json
  	new file:   Refinement/x64/Debug/KHR-Enums.ixx.ifc.dt.module.json
  	new file:   Refinement/x64/Debug/KHR-Enums.ixx.ifc.dt.module.json.command
  	new file:   Refinement/x64/Debug/KHR-Macros.ixx.ifc.dt
  	new file:   Refinement/x64/Debug/KHR-Macros.ixx.ifc.dt.command
  	new file:   Refinement/x64/Debug/KHR-Macros.ixx.ifc.dt.d.json
  	new file:   Refinement/x64/Debug/KHR-Macros.ixx.ifc.dt.module.json
  	new file:   Refinement/x64/Debug/KHR-Macros.ixx.ifc.dt.module.json.command
  	new file:   Refinement/x64/Debug/KHR-Types.ixx.ifc.dt
  	new file:   Refinement/x64/Debug/KHR-Types.ixx.ifc.dt.command
  	new file:   Refinement/x64/Debug/KHR-Types.ixx.ifc.dt.d.json
  	new file:   Refinement/x64/Debug/KHR-Types.ixx.ifc.dt.module.json
  	new file:   Refinement/x64/Debug/KHR-Types.ixx.ifc.dt.module.json.command
  	new file:   Refinement/x64/Debug/KHR.ixx.ifc.dt
  	new file:   Refinement/x64/Debug/KHR.ixx.ifc.dt.command
  	new file:   Refinement/x64/Debug/KHR.ixx.ifc.dt.d.json
  	new file:   Refinement/x64/Debug/KHR.ixx.ifc.dt.module.json
  	new file:   Refinement/x64/Debug/KHR.ixx.ifc.dt.module.json.command
  	new file:   Refinement/x64/Debug/Refinement.Build.CppClean.log
  	new file:   Refinement/x64/Debug/Refinement.log
  	new file:   Refinement/x64/Debug/Refinement.tlog/Refinement.lastbuildstate
  	new file:   Refinement/x64/Debug/Refinement.tlog/unsuccessfulbuild
  	new file:   Refinement/x64/Debug/Refinement.vcxproj.FileListAbsolute.txt
  	new file:   Refinement/x64/Debug/Shader-Fragment.ixx.ifc.dt.d.json
  	new file:   Refinement/x64/Debug/Shader-Fragment.ixx.ifc.dt.module.json
  	new file:   Refinement/x64/Debug/Shader-Fragment.ixx.ifc.dt.module.json.command
  	new file:   Refinement/x64/Debug/Shader-Vertex.ixx.ifc.dt.d.json
  	new file:   Refinement/x64/Debug/Shader-Vertex.ixx.ifc.dt.module.json
  	new file:   Refinement/x64/Debug/Shader-Vertex.ixx.ifc.dt.module.json.command
  	new file:   Refinement/x64/Debug/algorithm_6ECB6371EF31C8B6.ifc.dt.d.json
  	new file:   Refinement/x64/Debug/algorithm_6ECB6371EF31C8B6.ifc.dt.module.json
  	new file:   Refinement/x64/Debug/algorithm_6ECB6371EF31C8B6.ifc.dt.module.json.command
  	new file:   Refinement/x64/Debug/atomic_8948DCFACC7F8C4.ifc.dt.d.json
  	new file:   Refinement/x64/Debug/atomic_8948DCFACC7F8C4.ifc.dt.module.json
  	new file:   Refinement/x64/Debug/atomic_8948DCFACC7F8C4.ifc.dt.module.json.command
  	new file:   Refinement/x64/Debug/cmath_85C481CDA3A1AA9C.ifc.dt.d.json
  	new file:   Refinement/x64/Debug/cmath_85C481CDA3A1AA9C.ifc.dt.module.json
  	new file:   Refinement/x64/Debug/cmath_85C481CDA3A1AA9C.ifc.dt.module.json.command
  	new file:   Refinement/x64/Debug/cocoa_joystick.h_71746BD1489FEF8C.ifc.dt.module.json.command
  	new file:   Refinement/x64/Debug/cocoa_time.ixx.obj.dt
  	new file:   Refinement/x64/Debug/cocoa_time.ixx.obj.dt.command
  	new file:   Refinement/x64/Debug/cocoa_time.ixx.obj.dt.d.json
  	new file:   Refinement/x64/Debug/cocoa_time.ixx.obj.dt.module.json
  	new file:   Refinement/x64/Debug/cocoa_time.ixx.obj.dt.module.json.command
  	new file:   Refinement/x64/Debug/cstddef_D8BF122499F4076E.ifc.dt.d.json
  	new file:   Refinement/x64/Debug/cstddef_D8BF122499F4076E.ifc.dt.module.json
  	new file:   Refinement/x64/Debug/cstddef_D8BF122499F4076E.ifc.dt.module.json.command
  	new file:   Refinement/x64/Debug/cstdint_AD872324817FB8E0.ifc.dt
  	new file:   Refinement/x64/Debug/cstdint_AD872324817FB8E0.ifc.dt.command
  	new file:   Refinement/x64/Debug/cstdint_AD872324817FB8E0.ifc.dt.d.json
  	new file:   Refinement/x64/Debug/cstdint_AD872324817FB8E0.ifc.dt.module.json
  	new file:   Refinement/x64/Debug/cstdint_AD872324817FB8E0.ifc.dt.module.json.command
  	new file:   Refinement/x64/Debug/fstream_3A6DDFF1F88356B5.ifc.dt.d.json
  	new file:   Refinement/x64/Debug/fstream_3A6DDFF1F88356B5.ifc.dt.module.json
  	new file:   Refinement/x64/Debug/fstream_3A6DDFF1F88356B5.ifc.dt.module.json.command
  	new file:   Refinement/x64/Debug/internal.h.obj.dt.module.json.command
  	new file:   Refinement/x64/Debug/iostream_EA65876FD4B01485.ifc.dt.d.json
  	new file:   Refinement/x64/Debug/iostream_EA65876FD4B01485.ifc.dt.module.json
  	new file:   Refinement/x64/Debug/iostream_EA65876FD4B01485.ifc.dt.module.json.command
  	new file:   Refinement/x64/Debug/limits_258D1060A3BFE979.ifc.dt.d.json
  	new file:   Refinement/x64/Debug/limits_258D1060A3BFE979.ifc.dt.module.json
  	new file:   Refinement/x64/Debug/limits_258D1060A3BFE979.ifc.dt.module.json.command
  	new file:   Refinement/x64/Debug/microsoft/STL/std.compat.ixx.ifc.dt.d.json
  	new file:   Refinement/x64/Debug/microsoft/STL/std.compat.ixx.ifc.dt.module.json
  	new file:   Refinement/x64/Debug/microsoft/STL/std.compat.ixx.ifc.dt.module.json.command
  	new file:   Refinement/x64/Debug/microsoft/STL/std.ixx.ifc.dt
  	new file:   Refinement/x64/Debug/microsoft/STL/std.ixx.ifc.dt.command
  	new file:   Refinement/x64/Debug/microsoft/STL/std.ixx.ifc.dt.d.json
  	new file:   Refinement/x64/Debug/microsoft/STL/std.ixx.ifc.dt.module.json
  	new file:   Refinement/x64/Debug/microsoft/STL/std.ixx.ifc.dt.module.json.command
  	new file:   Refinement/x64/Debug/mutex_F95FA1B0B0B7ECA8.ifc.dt.d.json
  	new file:   Refinement/x64/Debug/mutex_F95FA1B0B0B7ECA8.ifc.dt.module.json
  	new file:   Refinement/x64/Debug/mutex_F95FA1B0B0B7ECA8.ifc.dt.module.json.command
  	new file:   Refinement/x64/Debug/null_joystick.h_1024FB65D51135B2.ifc.dt.command
  	new file:   Refinement/x64/Debug/null_joystick.h_1024FB65D51135B2.ifc.dt.d.json
  	new file:   Refinement/x64/Debug/null_joystick.h_1024FB65D51135B2.ifc.dt.module.json
  	new file:   Refinement/x64/Debug/null_joystick.h_1024FB65D51135B2.ifc.dt.module.json.command
  	new file:   Refinement/x64/Debug/null_platform.h_740761DCEE6CD327.ifc.dt.command
  	new file:   Refinement/x64/Debug/null_platform.h_740761DCEE6CD327.ifc.dt.d.json
  	new file:   Refinement/x64/Debug/null_platform.h_740761DCEE6CD327.ifc.dt.module.json
  	new file:   Refinement/x64/Debug/null_platform.h_740761DCEE6CD327.ifc.dt.module.json.command
  	new file:   Refinement/x64/Debug/platform.h_C3200EA471ACE2E1.ifc.dt.command
  	new file:   Refinement/x64/Debug/platform.h_C3200EA471ACE2E1.ifc.dt.d.json
  	new file:   Refinement/x64/Debug/platform.h_C3200EA471ACE2E1.ifc.dt.module.json
  	new file:   Refinement/x64/Debug/platform.h_C3200EA471ACE2E1.ifc.dt.module.json.command
  	new file:   Refinement/x64/Debug/stdint.h_9CB3E56414CC67A9.ifc.dt
  	new file:   Refinement/x64/Debug/stdint.h_9CB3E56414CC67A9.ifc.dt.command
  	new file:   Refinement/x64/Debug/stdint.h_9CB3E56414CC67A9.ifc.dt.d.json
  	new file:   Refinement/x64/Debug/stdint.h_9CB3E56414CC67A9.ifc.dt.module.json
  	new file:   Refinement/x64/Debug/stdint.h_9CB3E56414CC67A9.ifc.dt.module.json.command
  	new file:   Refinement/x64/Debug/string_C9A381763A1331AC.ifc.dt.d.json
  	new file:   Refinement/x64/Debug/string_C9A381763A1331AC.ifc.dt.module.json
  	new file:   Refinement/x64/Debug/string_C9A381763A1331AC.ifc.dt.module.json.command
  	new file:   Refinement/x64/Debug/thread_CA81D1DD63F86275.ifc.dt.d.json
  	new file:   Refinement/x64/Debug/thread_CA81D1DD63F86275.ifc.dt.module.json
  	new file:   Refinement/x64/Debug/thread_CA81D1DD63F86275.ifc.dt.module.json.command
  	new file:   Refinement/x64/Debug/vector_8B01A153FC4AE44E.ifc.dt.d.json
  	new file:   Refinement/x64/Debug/vector_8B01A153FC4AE44E.ifc.dt.module.json
  	new file:   Refinement/x64/Debug/vector_8B01A153FC4AE44E.ifc.dt.module.json.command
  	new file:   Refinement/x64/Debug/wl_platform.h_9E2B1F89B013A4DD.ifc.dt.module.json.command
  	new file:   Refinement/x64/PUSH/ALL_MODULES.ixx.ifc.dt.d.json
  	new file:   Refinement/x64/PUSH/ALL_MODULES.ixx.ifc.dt.module.json
  	new file:   Refinement/x64/PUSH/ALL_MODULES.ixx.ifc.dt.module.json.command
  	new file:   Refinement/x64/PUSH/BlenderObject-BlenderObjectData.ixx.ifc.dt.d.json
  	new file:   Refinement/x64/PUSH/BlenderObject-BlenderObjectData.ixx.ifc.dt.module.json
  	new file:   Refinement/x64/PUSH/BlenderObject-BlenderObjectData.ixx.ifc.dt.module.json.command
  	new file:   Refinement/x64/PUSH/BlenderObject-Material.ixx.ifc.d.json
  	new file:   Refinement/x64/PUSH/BlenderObject-Material.ixx.ifc.dt.module.json.command
  	new file:   Refinement/x64/PUSH/BlenderObject-ShapeKey.ixx.ifc.dt.d.json
  	new file:   Refinement/x64/PUSH/BlenderObject-ShapeKey.ixx.ifc.dt.module.json
  	new file:   Refinement/x64/PUSH/BlenderObject-ShapeKey.ixx.ifc.dt.module.json.command
  	new file:   Refinement/x64/PUSH/BlenderObject-ShapeKeyFrame.ixx.ifc.d.json
  	new file:   Refinement/x64/PUSH/BlenderObject-ShapeKeyFrame.ixx.ifc.dt.module.json.command
  	new file:   Refinement/x64/PUSH/BlenderObject-TransformKeyFrame.ixx.ifc.d.json
  	new file:   Refinement/x64/PUSH/BlenderObject-TransformKeyFrame.ixx.ifc.dt.module.json.command
  	new file:   Refinement/x64/PUSH/BlenderObject-Triangle.ixx.ifc.dt.module.json.command
  	new file:   Refinement/x64/PUSH/BlenderObject.ixx.ifc.d.json
  	new file:   Refinement/x64/PUSH/BlenderObject.ixx.ifc.dt.module.json.command
  	new file:   Refinement/x64/PUSH/GLAD.ixx.ifc.dt.d.json
  	new file:   Refinement/x64/PUSH/GLAD.ixx.ifc.dt.module.json
  	new file:   Refinement/x64/PUSH/GLAD.ixx.ifc.dt.module.json.command
  	new file:   Refinement/x64/PUSH/GLAD_1_0.ixx.ifc.dt.d.json
  	new file:   Refinement/x64/PUSH/GLAD_1_0.ixx.ifc.dt.module.json
  	new file:   Refinement/x64/PUSH/GLAD_1_0.ixx.ifc.dt.module.json.command
  	new file:   Refinement/x64/PUSH/GLAD_1_1.ixx.ifc.d.json
  	new file:   Refinement/x64/PUSH/GLAD_1_1.ixx.ifc.dt.d.json
  	new file:   Refinement/x64/PUSH/GLAD_1_1.ixx.ifc.dt.module.json
  	new file:   Refinement/x64/PUSH/GLAD_1_1.ixx.ifc.dt.module.json.command
  	new file:   Refinement/x64/PUSH/GLAD_1_2.ixx.ifc.dt.d.json
  	new file:   Refinement/x64/PUSH/GLAD_1_2.ixx.ifc.dt.module.json
  	new file:   Refinement/x64/PUSH/GLAD_1_2.ixx.ifc.dt.module.json.command
  	new file:   Refinement/x64/PUSH/GLAD_1_3.ixx.ifc.dt.d.json
  	new file:   Refinement/x64/PUSH/GLAD_1_3.ixx.ifc.dt.module.json
  	new file:   Refinement/x64/PUSH/GLAD_1_3.ixx.ifc.dt.module.json.command
  	new file:   Refinement/x64/PUSH/GLAD_1_4.ixx.ifc.dt.d.json
  	new file:   Refinement/x64/PUSH/GLAD_1_4.ixx.ifc.dt.module.json
  	new file:   Refinement/x64/PUSH/GLAD_1_4.ixx.ifc.dt.module.json.command
  	new file:   Refinement/x64/PUSH/GLAD_1_5.ixx.ifc.dt.d.json
  	new file:   Refinement/x64/PUSH/GLAD_1_5.ixx.ifc.dt.module.json
  	new file:   Refinement/x64/PUSH/GLAD_1_5.ixx.ifc.dt.module.json.command
  	new file:   Refinement/x64/PUSH/GLAD_2_0.ixx.ifc.dt.d.json
  	new file:   Refinement/x64/PUSH/GLAD_2_0.ixx.ifc.dt.module.json
  	new file:   Refinement/x64/PUSH/GLAD_2_0.ixx.ifc.dt.module.json.command
  	new file:   Refinement/x64/PUSH/GLAD_2_1.ixx.ifc.dt.d.json
  	new file:   Refinement/x64/PUSH/GLAD_2_1.ixx.ifc.dt.module.json
  	new file:   Refinement/x64/PUSH/GLAD_2_1.ixx.ifc.dt.module.json.command
  	new file:   Refinement/x64/PUSH/GLAD_3_0.ixx.ifc.dt.d.json
  	new file:   Refinement/x64/PUSH/GLAD_3_0.ixx.ifc.dt.module.json
  	new file:   Refinement/x64/PUSH/GLAD_3_0.ixx.ifc.dt.module.json.command
  	new file:   Refinement/x64/PUSH/GLAD_3_1.ixx.ifc.dt.d.json
  	new file:   Refinement/x64/PUSH/GLAD_3_1.ixx.ifc.dt.module.json
  	new file:   Refinement/x64/PUSH/GLAD_3_1.ixx.ifc.dt.module.json.command
  	new file:   Refinement/x64/PUSH/GLAD_3_2.ixx.ifc.dt.d.json
  	new file:   Refinement/x64/PUSH/GLAD_3_2.ixx.ifc.dt.module.json
  	new file:   Refinement/x64/PUSH/GLAD_3_2.ixx.ifc.dt.module.json.command
  	new file:   Refinement/x64/PUSH/GLAD_3_3.ixx.ifc.dt.d.json
  	new file:   Refinement/x64/PUSH/GLAD_3_3.ixx.ifc.dt.module.json
  	new file:   Refinement/x64/PUSH/GLAD_3_3.ixx.ifc.dt.module.json.command
  	new file:   Refinement/x64/PUSH/GLAD_4_0.ixx.ifc.dt.d.json
  	new file:   Refinement/x64/PUSH/GLAD_4_0.ixx.ifc.dt.module.json
  	new file:   Refinement/x64/PUSH/GLAD_4_0.ixx.ifc.dt.module.json.command
  	new file:   Refinement/x64/PUSH/GLAD_4_1.ixx.ifc.dt.d.json
  	new file:   Refinement/x64/PUSH/GLAD_4_1.ixx.ifc.dt.module.json
  	new file:   Refinement/x64/PUSH/GLAD_4_1.ixx.ifc.dt.module.json.command
  	new file:   Refinement/x64/PUSH/GLAD_4_2.ixx.ifc.dt.d.json
  	new file:   Refinement/x64/PUSH/GLAD_4_2.ixx.ifc.dt.module.json
  	new file:   Refinement/x64/PUSH/GLAD_4_2.ixx.ifc.dt.module.json.command
  	new file:   Refinement/x64/PUSH/GLAD_4_3.ixx.ifc.dt.d.json
  	new file:   Refinement/x64/PUSH/GLAD_4_3.ixx.ifc.dt.module.json
  	new file:   Refinement/x64/PUSH/GLAD_4_3.ixx.ifc.dt.module.json.command
  	new file:   Refinement/x64/PUSH/GLAD_4_4.ixx.ifc.dt.d.json
  	new file:   Refinement/x64/PUSH/GLAD_4_4.ixx.ifc.dt.module.json
  	new file:   Refinement/x64/PUSH/GLAD_4_4.ixx.ifc.dt.module.json.command
  	new file:   Refinement/x64/PUSH/GLAD_4_5.ixx.ifc.dt.d.json
  	new file:   Refinement/x64/PUSH/GLAD_4_5.ixx.ifc.dt.module.json
  	new file:   Refinement/x64/PUSH/GLAD_4_5.ixx.ifc.dt.module.json.command
  	new file:   Refinement/x64/PUSH/GLAD_4_6.ixx.ifc.dt.d.json
  	new file:   Refinement/x64/PUSH/GLAD_4_6.ixx.ifc.dt.module.json
  	new file:   Refinement/x64/PUSH/GLAD_4_6.ixx.ifc.dt.module.json.command
  	new file:   Refinement/x64/PUSH/GLAD_BASE-Macros.ixx.ifc.dt.d.json
  	new file:   Refinement/x64/PUSH/GLAD_BASE-Macros.ixx.ifc.dt.module.json
  	new file:   Refinement/x64/PUSH/GLAD_BASE-Macros.ixx.ifc.dt.module.json.command
  	new file:   Refinement/x64/PUSH/GLAD_BASE-Types.ixx.ifc.d.json
  	new file:   Refinement/x64/PUSH/GLAD_BASE-Types.ixx.ifc.dt.d.json
  	new file:   Refinement/x64/PUSH/GLAD_BASE-Types.ixx.ifc.dt.module.json
  	new file:   Refinement/x64/PUSH/GLAD_BASE-Types.ixx.ifc.dt.module.json.command
  	new file:   Refinement/x64/PUSH/GLAD_BASE.ixx.ifc.dt.d.json
  	new file:   Refinement/x64/PUSH/GLAD_BASE.ixx.ifc.dt.module.json
  	new file:   Refinement/x64/PUSH/GLAD_BASE.ixx.ifc.dt.module.json.command
  	new file:   Refinement/x64/PUSH/GLFW.ixx.ifc.dt.d.json
  	new file:   Refinement/x64/PUSH/GLFW.ixx.ifc.dt.module.json
  	new file:   Refinement/x64/PUSH/GLFW.ixx.ifc.dt.module.json.command
  	new file:   Refinement/x64/PUSH/GLFWCoreTokens.ixx.ifc
  	new file:   Refinement/x64/PUSH/GLFWCoreTokens.ixx.ifc.d.json
  	new file:   Refinement/x64/PUSH/GLFWCoreTokens.ixx.ifc.dt.d.json
  	new file:   Refinement/x64/PUSH/GLFWCoreTokens.ixx.ifc.dt.module.json
  	new file:   Refinement/x64/PUSH/GLFWCoreTokens.ixx.ifc.dt.module.json.command
  	new file:   Refinement/x64/PUSH/GLFWCoreTokens.ixx.obj
  	new file:   Refinement/x64/PUSH/GLFWCoreTypes.ixx.ifc
  	new file:   Refinement/x64/PUSH/GLFWCoreTypes.ixx.ifc.d.json
  	new file:   Refinement/x64/PUSH/GLFWCoreTypes.ixx.ifc.dt
  	new file:   Refinement/x64/PUSH/GLFWCoreTypes.ixx.ifc.dt.command
  	new file:   Refinement/x64/PUSH/GLFWCoreTypes.ixx.ifc.dt.d.json
  	new file:   Refinement/x64/PUSH/GLFWCoreTypes.ixx.ifc.dt.module.json
  	new file:   Refinement/x64/PUSH/GLFWCoreTypes.ixx.ifc.dt.module.json.command
  	new file:   Refinement/x64/PUSH/GLFWCoreTypes.ixx.obj
  	new file:   Refinement/x64/PUSH/GLFWInternal.ixx.obj.dt.module.json.command
  	new file:   Refinement/x64/PUSH/GLFWInternalCore-Functions.ixx.ifc
  	new file:   Refinement/x64/PUSH/GLFWInternalCore-Functions.ixx.ifc.d.json
  	new file:   Refinement/x64/PUSH/GLFWInternalCore-Functions.ixx.ifc.dt
  	new file:   Refinement/x64/PUSH/GLFWInternalCore-Functions.ixx.ifc.dt.command
  	new file:   Refinement/x64/PUSH/GLFWInternalCore-Functions.ixx.ifc.dt.d.json
  	new file:   Refinement/x64/PUSH/GLFWInternalCore-Functions.ixx.ifc.dt.module.json
  	new file:   Refinement/x64/PUSH/GLFWInternalCore-Functions.ixx.ifc.dt.module.json.command
  	new file:   Refinement/x64/PUSH/GLFWInternalCore-Functions.ixx.obj
  	new file:   Refinement/x64/PUSH/GLFWInternalCore-Tokens.ixx.ifc
  	new file:   Refinement/x64/PUSH/GLFWInternalCore-Tokens.ixx.ifc.d.json
  	new file:   Refinement/x64/PUSH/GLFWInternalCore-Tokens.ixx.ifc.dt
  	new file:   Refinement/x64/PUSH/GLFWInternalCore-Tokens.ixx.ifc.dt.command
  	new file:   Refinement/x64/PUSH/GLFWInternalCore-Tokens.ixx.ifc.dt.d.json
  	new file:   Refinement/x64/PUSH/GLFWInternalCore-Tokens.ixx.ifc.dt.module.json
  	new file:   Refinement/x64/PUSH/GLFWInternalCore-Tokens.ixx.ifc.dt.module.json.command
  	new file:   Refinement/x64/PUSH/GLFWInternalCore-Tokens.ixx.obj
  	new file:   Refinement/x64/PUSH/GLFWInternalCore-Types.ixx.ifc
  	new file:   Refinement/x64/PUSH/GLFWInternalCore-Types.ixx.ifc.d.json
  	new file:   Refinement/x64/PUSH/GLFWInternalCore-Types.ixx.ifc.dt
  	new file:   Refinement/x64/PUSH/GLFWInternalCore-Types.ixx.ifc.dt.command
  	new file:   Refinement/x64/PUSH/GLFWInternalCore-Types.ixx.ifc.dt.d.json
  	new file:   Refinement/x64/PUSH/GLFWInternalCore-Types.ixx.ifc.dt.module.json
  	new file:   Refinement/x64/PUSH/GLFWInternalCore-Types.ixx.ifc.dt.module.json.command
  	new file:   Refinement/x64/PUSH/GLFWInternalCore-Types.ixx.obj
  	new file:   Refinement/x64/PUSH/GLFWInternalCore.ixx.ifc.d.json
  	new file:   Refinement/x64/PUSH/GLFWInternalCore.ixx.ifc.dt
  	new file:   Refinement/x64/PUSH/GLFWInternalCore.ixx.ifc.dt.command
  	new file:   Refinement/x64/PUSH/GLFWInternalCore.ixx.ifc.dt.d.json
  	new file:   Refinement/x64/PUSH/GLFWInternalCore.ixx.ifc.dt.module.json
  	new file:   Refinement/x64/PUSH/GLFWInternalCore.ixx.ifc.dt.module.json.command
  	new file:   Refinement/x64/PUSH/GLFWInternalEGL-Functions.ixx.ifc.d.json
  	new file:   Refinement/x64/PUSH/GLFWInternalEGL-Functions.ixx.ifc.dt
  	new file:   Refinement/x64/PUSH/GLFWInternalEGL-Functions.ixx.ifc.dt.command
  	new file:   Refinement/x64/PUSH/GLFWInternalEGL-Functions.ixx.ifc.dt.d.json
  	new file:   Refinement/x64/PUSH/GLFWInternalEGL-Functions.ixx.ifc.dt.module.json
  	new file:   Refinement/x64/PUSH/GLFWInternalEGL-Functions.ixx.ifc.dt.module.json.command
  	new file:   Refinement/x64/PUSH/GLFWInternalEGL-Tokens.ixx.ifc.d.json
  	new file:   Refinement/x64/PUSH/GLFWInternalEGL-Tokens.ixx.ifc.dt
  	new file:   Refinement/x64/PUSH/GLFWInternalEGL-Tokens.ixx.ifc.dt.command
  	new file:   Refinement/x64/PUSH/GLFWInternalEGL-Tokens.ixx.ifc.dt.d.json
  	new file:   Refinement/x64/PUSH/GLFWInternalEGL-Tokens.ixx.ifc.dt.module.json
  	new file:   Refinement/x64/PUSH/GLFWInternalEGL-Tokens.ixx.ifc.dt.module.json.command
  	new file:   Refinement/x64/PUSH/GLFWInternalEGL-Types.ixx.ifc
  	new file:   Refinement/x64/PUSH/GLFWInternalEGL-Types.ixx.ifc.d.json
  	new file:   Refinement/x64/PUSH/GLFWInternalEGL-Types.ixx.ifc.dt
  	new file:   Refinement/x64/PUSH/GLFWInternalEGL-Types.ixx.ifc.dt.command
  	new file:   Refinement/x64/PUSH/GLFWInternalEGL-Types.ixx.ifc.dt.d.json
  	new file:   Refinement/x64/PUSH/GLFWInternalEGL-Types.ixx.ifc.dt.module.json
  	new file:   Refinement/x64/PUSH/GLFWInternalEGL-Types.ixx.ifc.dt.module.json.command
  	new file:   Refinement/x64/PUSH/GLFWInternalEGL-Types.ixx.obj
  	new file:   Refinement/x64/PUSH/GLFWInternalEGL.ixx.ifc.d.json
  	new file:   Refinement/x64/PUSH/GLFWInternalEGL.ixx.ifc.dt
  	new file:   Refinement/x64/PUSH/GLFWInternalEGL.ixx.ifc.dt.command
  	new file:   Refinement/x64/PUSH/GLFWInternalEGL.ixx.ifc.dt.d.json
  	new file:   Refinement/x64/PUSH/GLFWInternalEGL.ixx.ifc.dt.module.json
  	new file:   Refinement/x64/PUSH/GLFWInternalEGL.ixx.ifc.dt.module.json.command
  	new file:   Refinement/x64/PUSH/GLFWInternalOSMesa-Functions.ixx.ifc.d.json
  	new file:   Refinement/x64/PUSH/GLFWInternalOSMesa-Functions.ixx.ifc.dt.d.json
  	new file:   Refinement/x64/PUSH/GLFWInternalOSMesa-Functions.ixx.ifc.dt.module.json
  	new file:   Refinement/x64/PUSH/GLFWInternalOSMesa-Functions.ixx.ifc.dt.module.json.command
  	new file:   Refinement/x64/PUSH/GLFWInternalOSMesa-Tokens.ixx.ifc.dt.d.json
  	new file:   Refinement/x64/PUSH/GLFWInternalOSMesa-Tokens.ixx.ifc.dt.module.json
  	new file:   Refinement/x64/PUSH/GLFWInternalOSMesa-Tokens.ixx.ifc.dt.module.json.command
  	new file:   Refinement/x64/PUSH/GLFWInternalOSMesa-Types.ixx.ifc.dt.d.json
  	new file:   Refinement/x64/PUSH/GLFWInternalOSMesa-Types.ixx.ifc.dt.module.json
  	new file:   Refinement/x64/PUSH/GLFWInternalOSMesa-Types.ixx.ifc.dt.module.json.command
  	new file:   Refinement/x64/PUSH/GLFWInternalOSMesa.ixx.ifc.d.json
  	new file:   Refinement/x64/PUSH/GLFWInternalOSMesa.ixx.ifc.dt.d.json
  	new file:   Refinement/x64/PUSH/GLFWInternalOSMesa.ixx.ifc.dt.module.json
  	new file:   Refinement/x64/PUSH/GLFWInternalOSMesa.ixx.ifc.dt.module.json.command
  	new file:   Refinement/x64/PUSH/GLFWInternalVk-Functions.ixx.ifc.dt
  	new file:   Refinement/x64/PUSH/GLFWInternalVk-Functions.ixx.ifc.dt.command
  	new file:   Refinement/x64/PUSH/GLFWInternalVk-Functions.ixx.ifc.dt.d.json
  	new file:   Refinement/x64/PUSH/GLFWInternalVk-Functions.ixx.ifc.dt.module.json
  	new file:   Refinement/x64/PUSH/GLFWInternalVk-Functions.ixx.ifc.dt.module.json.command
  	new file:   Refinement/x64/PUSH/GLFWInternalVk-Tokens.ixx.ifc.dt
  	new file:   Refinement/x64/PUSH/GLFWInternalVk-Tokens.ixx.ifc.dt.command
  	new file:   Refinement/x64/PUSH/GLFWInternalVk-Tokens.ixx.ifc.dt.d.json
  	new file:   Refinement/x64/PUSH/GLFWInternalVk-Tokens.ixx.ifc.dt.module.json
  	new file:   Refinement/x64/PUSH/GLFWInternalVk-Tokens.ixx.ifc.dt.module.json.command
  	new file:   Refinement/x64/PUSH/GLFWInternalVk-Types.ixx.ifc.dt
  	new file:   Refinement/x64/PUSH/GLFWInternalVk-Types.ixx.ifc.dt.command
  	new file:   Refinement/x64/PUSH/GLFWInternalVk-Types.ixx.ifc.dt.d.json
  	new file:   Refinement/x64/PUSH/GLFWInternalVk-Types.ixx.ifc.dt.module.json
  	new file:   Refinement/x64/PUSH/GLFWInternalVk-Types.ixx.ifc.dt.module.json.command
  	new file:   Refinement/x64/PUSH/GLFWInternalVk.ixx.ifc.dt
  	new file:   Refinement/x64/PUSH/GLFWInternalVk.ixx.ifc.dt.command
  	new file:   Refinement/x64/PUSH/GLFWInternalVk.ixx.ifc.dt.d.json
  	new file:   Refinement/x64/PUSH/GLFWInternalVk.ixx.ifc.dt.module.json
  	new file:   Refinement/x64/PUSH/GLFWInternalVk.ixx.ifc.dt.module.json.command
  	new file:   Refinement/x64/PUSH/GLFWNullPlatform-Functions.ixx.ifc.dt
  	new file:   Refinement/x64/PUSH/GLFWNullPlatform-Functions.ixx.ifc.dt.command
  	new file:   Refinement/x64/PUSH/GLFWNullPlatform-Functions.ixx.ifc.dt.d.json
  	new file:   Refinement/x64/PUSH/GLFWNullPlatform-Functions.ixx.ifc.dt.module.json
  	new file:   Refinement/x64/PUSH/GLFWNullPlatform-Functions.ixx.ifc.dt.module.json.command
  	new file:   Refinement/x64/PUSH/GLFWNullPlatform-Tokens.ixx.ifc.dt
  	new file:   Refinement/x64/PUSH/GLFWNullPlatform-Tokens.ixx.ifc.dt.command
  	new file:   Refinement/x64/PUSH/GLFWNullPlatform-Tokens.ixx.ifc.dt.d.json
  	new file:   Refinement/x64/PUSH/GLFWNullPlatform-Tokens.ixx.ifc.dt.module.json
  	new file:   Refinement/x64/PUSH/GLFWNullPlatform-Tokens.ixx.ifc.dt.module.json.command
  	new file:   Refinement/x64/PUSH/GLFWNullPlatform-Types.ixx.ifc.dt
  	new file:   Refinement/x64/PUSH/GLFWNullPlatform-Types.ixx.ifc.dt.command
  	new file:   Refinement/x64/PUSH/GLFWNullPlatform-Types.ixx.ifc.dt.d.json
  	new file:   Refinement/x64/PUSH/GLFWNullPlatform-Types.ixx.ifc.dt.module.json
  	new file:   Refinement/x64/PUSH/GLFWNullPlatform-Types.ixx.ifc.dt.module.json.command
  	new file:   Refinement/x64/PUSH/GLFWNullPlatform.ixx.ifc.dt.d.json
  	new file:   Refinement/x64/PUSH/GLFWNullPlatform.ixx.ifc.dt.module.json
  	new file:   Refinement/x64/PUSH/GLFWNullPlatform.ixx.ifc.dt.module.json.command
  	new file:   Refinement/x64/PUSH/GLFWPlatform.ixx.ifc.dt.d.json
  	new file:   Refinement/x64/PUSH/GLFWPlatform.ixx.ifc.dt.module.json
  	new file:   Refinement/x64/PUSH/GLFWPlatform.ixx.ifc.dt.module.json.command
  	new file:   Refinement/x64/PUSH/GLM.ixx.ifc.dt.module.json.command
  	new file:   Refinement/x64/PUSH/KHR-Enums.ixx.ifc.dt.d.json
  	new file:   Refinement/x64/PUSH/KHR-Enums.ixx.ifc.dt.module.json
  	new file:   Refinement/x64/PUSH/KHR-Enums.ixx.ifc.dt.module.json.command
  	new file:   Refinement/x64/PUSH/KHR-Macros.ixx.ifc.dt.d.json
  	new file:   Refinement/x64/PUSH/KHR-Macros.ixx.ifc.dt.module.json
  	new file:   Refinement/x64/PUSH/KHR-Macros.ixx.ifc.dt.module.json.command
  	new file:   Refinement/x64/PUSH/KHR-Types.ixx.ifc.dt.d.json
  	new file:   Refinement/x64/PUSH/KHR-Types.ixx.ifc.dt.module.json
  	new file:   Refinement/x64/PUSH/KHR-Types.ixx.ifc.dt.module.json.command
  	new file:   Refinement/x64/PUSH/KHR.ixx.ifc.dt.d.json
  	new file:   Refinement/x64/PUSH/KHR.ixx.ifc.dt.module.json
  	new file:   Refinement/x64/PUSH/KHR.ixx.ifc.dt.module.json.command
  	new file:   Refinement/x64/PUSH/Refinement.log
  	new file:   Refinement/x64/PUSH/Refinement.tlog/CL.command.1.tlog
  	new file:   Refinement/x64/PUSH/Refinement.tlog/Microsoft.Build.CPPTasks.CL.read.1.tlog
  	new file:   Refinement/x64/PUSH/Refinement.tlog/Microsoft.Build.CPPTasks.CL.write.1.tlog
  	new file:   Refinement/x64/PUSH/Refinement.tlog/Refinement.lastbuildstate
  	new file:   Refinement/x64/PUSH/Refinement.tlog/unsuccessfulbuild
  	new file:   Refinement/x64/PUSH/Refinement_MD.tlog/CL.command.1.tlog
  	new file:   Refinement/x64/PUSH/Refinement_MD.tlog/Microsoft.Build.CPPTasks.CL.read.1.tlog
  	new file:   Refinement/x64/PUSH/Refinement_MD.tlog/Microsoft.Build.CPPTasks.CL.write.1.tlog
  	new file:   Refinement/x64/PUSH/Shader-Fragment.ixx.ifc.dt.d.json
  	new file:   Refinement/x64/PUSH/Shader-Fragment.ixx.ifc.dt.module.json
  	new file:   Refinement/x64/PUSH/Shader-Fragment.ixx.ifc.dt.module.json.command
  	new file:   Refinement/x64/PUSH/Shader-Vertex.ixx.ifc.dt.d.json
  	new file:   Refinement/x64/PUSH/Shader-Vertex.ixx.ifc.dt.module.json
  	new file:   Refinement/x64/PUSH/Shader-Vertex.ixx.ifc.dt.module.json.command
  	new file:   Refinement/x64/PUSH/algorithm_6ECB6371EF31C8B6.ifc.dt.d.json
  	new file:   Refinement/x64/PUSH/algorithm_6ECB6371EF31C8B6.ifc.dt.module.json
  	new file:   Refinement/x64/PUSH/algorithm_6ECB6371EF31C8B6.ifc.dt.module.json.command
  	new file:   Refinement/x64/PUSH/algorithm_J4SEPIAANYKU1WYO.ifc
  	new file:   Refinement/x64/PUSH/algorithm_J4SEPIAANYKU1WYO.ifc.d.json
  	new file:   Refinement/x64/PUSH/algorithm_J4SEPIAANYKU1WYO.module.json
  	new file:   Refinement/x64/PUSH/algorithm_J4SEPIAANYKU1WYO.obj
  	new file:   Refinement/x64/PUSH/all_modules.ixx.module.json
  	new file:   Refinement/x64/PUSH/atomic_8948DCFACC7F8C4.ifc.dt.d.json
  	new file:   Refinement/x64/PUSH/atomic_8948DCFACC7F8C4.ifc.dt.module.json
  	new file:   Refinement/x64/PUSH/atomic_8948DCFACC7F8C4.ifc.dt.module.json.command
  	new file:   Refinement/x64/PUSH/atomic_MKJF137ZTWOZPFDN.ifc
  	new file:   Refinement/x64/PUSH/atomic_MKJF137ZTWOZPFDN.ifc.d.json
  	new file:   Refinement/x64/PUSH/atomic_MKJF137ZTWOZPFDN.module.json
  	new file:   Refinement/x64/PUSH/atomic_MKJF137ZTWOZPFDN.obj
  	new file:   Refinement/x64/PUSH/blenderobject-blenderobjectdata.ixx.module.json
  	new file:   Refinement/x64/PUSH/blenderobject-material.ixx.module.json
  	new file:   Refinement/x64/PUSH/blenderobject-shapekey.ixx.module.json
  	new file:   Refinement/x64/PUSH/blenderobject-shapekeyframe.ixx.module.json
  	new file:   Refinement/x64/PUSH/blenderobject-transformkeyframe.ixx.module.json
  	new file:   Refinement/x64/PUSH/blenderobject.ixx.module.json
  	new file:   Refinement/x64/PUSH/cmath_85C481CDA3A1AA9C.ifc.dt.d.json
  	new file:   Refinement/x64/PUSH/cmath_85C481CDA3A1AA9C.ifc.dt.module.json
  	new file:   Refinement/x64/PUSH/cmath_85C481CDA3A1AA9C.ifc.dt.module.json.command
  	new file:   Refinement/x64/PUSH/cmath_GXU9QLDIW1M5IFD5.ifc
  	new file:   Refinement/x64/PUSH/cmath_GXU9QLDIW1M5IFD5.ifc.d.json
  	new file:   Refinement/x64/PUSH/cmath_GXU9QLDIW1M5IFD5.module.json
  	new file:   Refinement/x64/PUSH/cmath_GXU9QLDIW1M5IFD5.obj
  	new file:   Refinement/x64/PUSH/cocoa_time.ixx.obj.dt.d.json
  	new file:   Refinement/x64/PUSH/cocoa_time.ixx.obj.dt.module.json
  	new file:   Refinement/x64/PUSH/cocoa_time.ixx.obj.dt.module.json.command
  	new file:   Refinement/x64/PUSH/cstddef_7OHNU1F9735L2VY2.ifc
  	new file:   Refinement/x64/PUSH/cstddef_7OHNU1F9735L2VY2.ifc.d.json
  	new file:   Refinement/x64/PUSH/cstddef_7OHNU1F9735L2VY2.module.json
  	new file:   Refinement/x64/PUSH/cstddef_7OHNU1F9735L2VY2.obj
  	new file:   Refinement/x64/PUSH/cstddef_D8BF122499F4076E.ifc.dt.d.json
  	new file:   Refinement/x64/PUSH/cstddef_D8BF122499F4076E.ifc.dt.module.json
  	new file:   Refinement/x64/PUSH/cstddef_D8BF122499F4076E.ifc.dt.module.json.command
  	new file:   Refinement/x64/PUSH/cstdint_AD872324817FB8E0.ifc.dt
  	new file:   Refinement/x64/PUSH/cstdint_AD872324817FB8E0.ifc.dt.command
  	new file:   Refinement/x64/PUSH/cstdint_AD872324817FB8E0.ifc.dt.d.json
  	new file:   Refinement/x64/PUSH/cstdint_AD872324817FB8E0.ifc.dt.module.json
  	new file:   Refinement/x64/PUSH/cstdint_AD872324817FB8E0.ifc.dt.module.json.command
  	new file:   Refinement/x64/PUSH/fstream_3A6DDFF1F88356B5.ifc.dt.d.json
  	new file:   Refinement/x64/PUSH/fstream_3A6DDFF1F88356B5.ifc.dt.module.json
  	new file:   Refinement/x64/PUSH/fstream_3A6DDFF1F88356B5.ifc.dt.module.json.command
  	new file:   Refinement/x64/PUSH/fstream_CC1NQJKCCD0FO3R8.ifc
  	new file:   Refinement/x64/PUSH/fstream_CC1NQJKCCD0FO3R8.ifc.d.json
  	new file:   Refinement/x64/PUSH/fstream_CC1NQJKCCD0FO3R8.module.json
  	new file:   Refinement/x64/PUSH/fstream_CC1NQJKCCD0FO3R8.obj
  	new file:   Refinement/x64/PUSH/glad.ixx.module.json
  	new file:   Refinement/x64/PUSH/glad_1_1.ixx.module.json
  	new file:   Refinement/x64/PUSH/glad_1_2.ixx.module.json
  	new file:   Refinement/x64/PUSH/glad_1_3.ixx.module.json
  	new file:   Refinement/x64/PUSH/glad_1_4.ixx.module.json
  	new file:   Refinement/x64/PUSH/glad_1_5.ixx.module.json
  	new file:   Refinement/x64/PUSH/glad_2_0.ixx.module.json
  	new file:   Refinement/x64/PUSH/glad_2_1.ixx.module.json
  	new file:   Refinement/x64/PUSH/glad_3_0.ixx.module.json
  	new file:   Refinement/x64/PUSH/glad_3_1.ixx.module.json
  	new file:   Refinement/x64/PUSH/glad_3_2.ixx.module.json
  	new file:   Refinement/x64/PUSH/glad_3_3.ixx.module.json
  	new file:   Refinement/x64/PUSH/glad_4_0.ixx.module.json
  	new file:   Refinement/x64/PUSH/glad_4_1.ixx.module.json
  	new file:   Refinement/x64/PUSH/glad_4_2.ixx.module.json
  	new file:   Refinement/x64/PUSH/glad_4_3.ixx.module.json
  	new file:   Refinement/x64/PUSH/glad_4_4.ixx.module.json
  	new file:   Refinement/x64/PUSH/glad_4_5.ixx.module.json
  	new file:   Refinement/x64/PUSH/glad_4_6.ixx.module.json
  	new file:   Refinement/x64/PUSH/glad_base-macros.ixx.module.json
  	new file:   Refinement/x64/PUSH/glad_base-types.ixx.module.json
  	new file:   Refinement/x64/PUSH/glad_base.ixx.module.json
  	new file:   Refinement/x64/PUSH/glfw.ixx.module.json
  	new file:   Refinement/x64/PUSH/glfwcoretokens.ixx.module.json
  	new file:   Refinement/x64/PUSH/glfwcoretypes.ixx.module.json
  	new file:   Refinement/x64/PUSH/iostream_EA65876FD4B01485.ifc.dt.d.json
  	new file:   Refinement/x64/PUSH/iostream_EA65876FD4B01485.ifc.dt.module.json
  	new file:   Refinement/x64/PUSH/iostream_EA65876FD4B01485.ifc.dt.module.json.command
  	new file:   Refinement/x64/PUSH/iostream_KTPLHOCEDX7YBZWE.ifc
  	new file:   Refinement/x64/PUSH/iostream_KTPLHOCEDX7YBZWE.ifc.d.json
  	new file:   Refinement/x64/PUSH/iostream_KTPLHOCEDX7YBZWE.module.json
  	new file:   Refinement/x64/PUSH/iostream_KTPLHOCEDX7YBZWE.obj
  	new file:   Refinement/x64/PUSH/limits_258D1060A3BFE979.ifc.dt.d.json
  	new file:   Refinement/x64/PUSH/limits_258D1060A3BFE979.ifc.dt.module.json
  	new file:   Refinement/x64/PUSH/limits_258D1060A3BFE979.ifc.dt.module.json.command
  	new file:   Refinement/x64/PUSH/limits_ZVX8EE72Z68LGBUT.ifc
  	new file:   Refinement/x64/PUSH/limits_ZVX8EE72Z68LGBUT.ifc.d.json
  	new file:   Refinement/x64/PUSH/limits_ZVX8EE72Z68LGBUT.module.json
  	new file:   Refinement/x64/PUSH/limits_ZVX8EE72Z68LGBUT.obj
  	new file:   Refinement/x64/PUSH/microsoft/STL/std.compat.ixx.ifc.dt.d.json
  	new file:   Refinement/x64/PUSH/microsoft/STL/std.compat.ixx.ifc.dt.module.json
  	new file:   Refinement/x64/PUSH/microsoft/STL/std.compat.ixx.ifc.dt.module.json.command
  	new file:   Refinement/x64/PUSH/microsoft/STL/std.ixx.ifc.dt.d.json
  	new file:   Refinement/x64/PUSH/microsoft/STL/std.ixx.ifc.dt.module.json
  	new file:   Refinement/x64/PUSH/microsoft/STL/std.ixx.ifc.dt.module.json.command
  	new file:   Refinement/x64/PUSH/mutex_4YYJ92O7ZSC1O0G8.ifc
  	new file:   Refinement/x64/PUSH/mutex_4YYJ92O7ZSC1O0G8.ifc.d.json
  	new file:   Refinement/x64/PUSH/mutex_4YYJ92O7ZSC1O0G8.module.json
  	new file:   Refinement/x64/PUSH/mutex_4YYJ92O7ZSC1O0G8.obj
  	new file:   Refinement/x64/PUSH/mutex_F95FA1B0B0B7ECA8.ifc.dt.d.json
  	new file:   Refinement/x64/PUSH/mutex_F95FA1B0B0B7ECA8.ifc.dt.module.json
  	new file:   Refinement/x64/PUSH/mutex_F95FA1B0B0B7ECA8.ifc.dt.module.json.command
  	new file:   Refinement/x64/PUSH/platform.h_C3200EA471ACE2E1.ifc.dt.d.json
  	new file:   Refinement/x64/PUSH/platform.h_C3200EA471ACE2E1.ifc.dt.module.json
  	new file:   Refinement/x64/PUSH/platform.h_C3200EA471ACE2E1.ifc.dt.module.json.command
  	new file:   Refinement/x64/PUSH/stdint.h_9CB3E56414CC67A9.ifc.dt.d.json
  	new file:   Refinement/x64/PUSH/stdint.h_9CB3E56414CC67A9.ifc.dt.module.json
  	new file:   Refinement/x64/PUSH/stdint.h_9CB3E56414CC67A9.ifc.dt.module.json.command
  	new file:   Refinement/x64/PUSH/stdint.h_XHUJS0AFTYAA3WXC.ifc
  	new file:   Refinement/x64/PUSH/stdint.h_XHUJS0AFTYAA3WXC.ifc.d.json
  	new file:   Refinement/x64/PUSH/stdint.h_XHUJS0AFTYAA3WXC.module.json
  	new file:   Refinement/x64/PUSH/stdint.h_XHUJS0AFTYAA3WXC.obj
  	new file:   Refinement/x64/PUSH/string_C9A381763A1331AC.ifc.dt.d.json
  	new file:   Refinement/x64/PUSH/string_C9A381763A1331AC.ifc.dt.module.json
  	new file:   Refinement/x64/PUSH/string_C9A381763A1331AC.ifc.dt.module.json.command
  	new file:   Refinement/x64/PUSH/string_GT02E4T140807UCG.ifc
  	new file:   Refinement/x64/PUSH/string_GT02E4T140807UCG.ifc.d.json
  	new file:   Refinement/x64/PUSH/string_GT02E4T140807UCG.module.json
  	new file:   Refinement/x64/PUSH/string_GT02E4T140807UCG.obj
  	new file:   Refinement/x64/PUSH/thread_CA81D1DD63F86275.ifc.dt.d.json
  	new file:   Refinement/x64/PUSH/thread_CA81D1DD63F86275.ifc.dt.module.json
  	new file:   Refinement/x64/PUSH/thread_CA81D1DD63F86275.ifc.dt.module.json.command
  	new file:   Refinement/x64/PUSH/thread_G04NP4C7VPS2ZZAC.ifc
  	new file:   Refinement/x64/PUSH/thread_G04NP4C7VPS2ZZAC.ifc.d.json
  	new file:   Refinement/x64/PUSH/thread_G04NP4C7VPS2ZZAC.module.json
  	new file:   Refinement/x64/PUSH/thread_G04NP4C7VPS2ZZAC.obj
  	new file:   Refinement/x64/PUSH/vc143.idb
  	new file:   Refinement/x64/PUSH/vc143.pdb
  	new file:   Refinement/x64/PUSH/vector_8B01A153FC4AE44E.ifc.dt.d.json
  	new file:   Refinement/x64/PUSH/vector_8B01A153FC4AE44E.ifc.dt.module.json
  	new file:   Refinement/x64/PUSH/vector_8B01A153FC4AE44E.ifc.dt.module.json.command
  	new file:   Refinement/x64/PUSH/vector_GDGH8LXPB6233BGE.ifc
  	new file:   Refinement/x64/PUSH/vector_GDGH8LXPB6233BGE.ifc.d.json
  	new file:   Refinement/x64/PUSH/vector_GDGH8LXPB6233BGE.module.json
  	new file:   Refinement/x64/PUSH/vector_GDGH8LXPB6233BGE.obj
  	modified:   cocoa_time.ixx
  	modified:   platform.c
  
  Changes not staged for commit:
    (use "git add <file>..." to update what will be committed)
    (use "git restore <file>..." to discard changes in working directory)
  	modified:   .gitignore
  	modified:   .vs/Refinement/v17/DocumentLayout.json
  	modified:   Refinement/x64/Debug/Refinement.log
  	modified:   Refinement/x64/Debug/cstdint_AD872324817FB8E0.ifc.dt.command
  	modified:   Refinement/x64/Debug/cstdint_AD872324817FB8E0.ifc.dt.module.json.command
  
  Untracked files:
    (use "git add <file>..." to include in what will be committed)
  	.vs/Refinement/v17/fileList.bin
  	Refinement.sln
  
  'IFERRORLEVEL' is not recognized as an internal or external command,
  operable program or batch file.
  Failed to get status
C:\Program Files\Microsoft Visual Studio\2022\Community\MSBuild\Microsoft\VC\v170\Microsoft.CppCommon.targets(156,5): error MSB3073: The command "D:\VisualStudio\Refinement\Bash_Scripts\git_auto_commit.bat
C:\Program Files\Microsoft Visual Studio\2022\Community\MSBuild\Microsoft\VC\v170\Microsoft.CppCommon.targets(156,5): error MSB3073: :VCEnd" exited with code 1.
