d:\visualstudio\refinement\refinement\x64\debug\iostream_ktplhocedx7ybzwe.ifc
d:\visualstudio\refinement\refinement\x64\debug\iostream_ktplhocedx7ybzwe.ifc.d.json
d:\visualstudio\refinement\refinement\x64\debug\iostream_ktplhocedx7ybzwe.obj
d:\visualstudio\refinement\refinement\x64\debug\vector_gdgh8lxpb6233bge.ifc
d:\visualstudio\refinement\refinement\x64\debug\vector_gdgh8lxpb6233bge.ifc.d.json
d:\visualstudio\refinement\refinement\x64\debug\vector_gdgh8lxpb6233bge.obj
d:\visualstudio\refinement\refinement\x64\debug\atomic_mkjf137ztwozpfdn.ifc
d:\visualstudio\refinement\refinement\x64\debug\atomic_mkjf137ztwozpfdn.ifc.d.json
d:\visualstudio\refinement\refinement\x64\debug\atomic_mkjf137ztwozpfdn.obj
d:\visualstudio\refinement\refinement\x64\debug\string_gt02e4t140807ucg.ifc
d:\visualstudio\refinement\refinement\x64\debug\string_gt02e4t140807ucg.ifc.d.json
d:\visualstudio\refinement\refinement\x64\debug\string_gt02e4t140807ucg.obj
d:\visualstudio\refinement\refinement\x64\debug\khr-enums.ixx.ifc.d.json
d:\visualstudio\refinement\refinement\x64\debug\blenderobject.ixx.ifc.d.json
d:\visualstudio\refinement\refinement\x64\debug\mutex_4yyj92o7zsc1o0g8.ifc
d:\visualstudio\refinement\refinement\x64\debug\mutex_4yyj92o7zsc1o0g8.ifc.d.json
d:\visualstudio\refinement\refinement\x64\debug\mutex_4yyj92o7zsc1o0g8.obj
d:\visualstudio\refinement\refinement\x64\debug\glm.ixx.ifc.d.json
d:\visualstudio\refinement\refinement\x64\debug\khr-macros.ixx.ifc.d.json
d:\visualstudio\refinement\refinement\x64\debug\limits_zvx8ee72z68lgbut.ifc
d:\visualstudio\refinement\refinement\x64\debug\limits_zvx8ee72z68lgbut.ifc.d.json
d:\visualstudio\refinement\refinement\x64\debug\limits_zvx8ee72z68lgbut.obj
d:\visualstudio\refinement\refinement\x64\debug\thread_g04np4c7vps2zzac.ifc
d:\visualstudio\refinement\refinement\x64\debug\thread_g04np4c7vps2zzac.ifc.d.json
d:\visualstudio\refinement\refinement\x64\debug\thread_g04np4c7vps2zzac.obj
d:\visualstudio\refinement\refinement\x64\debug\khr-types.ixx.ifc.d.json
d:\visualstudio\refinement\refinement\x64\debug\blenderobject-material.ixx.ifc.d.json
d:\visualstudio\refinement\refinement\x64\debug\cmath_gxu9qldiw1m5ifd5.ifc
d:\visualstudio\refinement\refinement\x64\debug\cmath_gxu9qldiw1m5ifd5.ifc.d.json
d:\visualstudio\refinement\refinement\x64\debug\cmath_gxu9qldiw1m5ifd5.obj
d:\visualstudio\refinement\refinement\x64\debug\fstream_cc1nqjkccd0fo3r8.ifc
d:\visualstudio\refinement\refinement\x64\debug\fstream_cc1nqjkccd0fo3r8.ifc.d.json
d:\visualstudio\refinement\refinement\x64\debug\fstream_cc1nqjkccd0fo3r8.obj
d:\visualstudio\refinement\refinement\x64\debug\glad_1_1.ixx.ifc.d.json
d:\visualstudio\refinement\refinement\x64\debug\blenderobject-transformkeyframe.ixx.ifc.d.json
d:\visualstudio\refinement\refinement\x64\debug\algorithm_j4sepiaanyku1wyo.ifc
d:\visualstudio\refinement\refinement\x64\debug\algorithm_j4sepiaanyku1wyo.ifc.d.json
d:\visualstudio\refinement\refinement\x64\debug\algorithm_j4sepiaanyku1wyo.obj
d:\visualstudio\refinement\refinement\x64\debug\glad_base-types.ixx.ifc.d.json
d:\visualstudio\refinement\refinement\x64\debug\cstddef_7ohnu1f9735l2vy2.ifc
d:\visualstudio\refinement\refinement\x64\debug\cstddef_7ohnu1f9735l2vy2.ifc.d.json
d:\visualstudio\refinement\refinement\x64\debug\cstddef_7ohnu1f9735l2vy2.obj
d:\visualstudio\refinement\refinement\x64\debug\blenderobject-shapekeyframe.ixx.ifc.d.json
d:\visualstudio\refinement\refinement\x64\debug\khr.ixx.ifc.d.json
d:\visualstudio\refinement\refinement\x64\debug\glfwinternal-vktokens.ixx.ifc
d:\visualstudio\refinement\refinement\x64\debug\glfwinternal-vktokens.ixx.ifc.d.json
d:\visualstudio\refinement\refinement\x64\debug\glfwinternal-vktokens.ixx.obj
d:\visualstudio\refinement\refinement\x64\debug\glfwinternal-internaltypes.ixx.ifc
d:\visualstudio\refinement\refinement\x64\debug\glfwinternal-internaltypes.ixx.ifc.d.json
d:\visualstudio\refinement\refinement\x64\debug\glfwinternal-internaltypes.ixx.obj
d:\visualstudio\refinement\refinement\x64\debug\glfwplatform-nullplatformfunctions.ixx.ifc
d:\visualstudio\refinement\refinement\x64\debug\glfwplatform-nullplatformfunctions.ixx.ifc.d.json
d:\visualstudio\refinement\refinement\x64\debug\glfwplatform-nullplatformfunctions.ixx.obj
d:\visualstudio\refinement\refinement\x64\debug\glfwinternal-osmesatypes.ixx.ifc
d:\visualstudio\refinement\refinement\x64\debug\glfwinternal-osmesatypes.ixx.ifc.d.json
d:\visualstudio\refinement\refinement\x64\debug\glfwinternal-osmesatypes.ixx.obj
d:\visualstudio\refinement\refinement\x64\debug\glfwinternal-osmesatokens.ixx.ifc
d:\visualstudio\refinement\refinement\x64\debug\glfwinternal-osmesatokens.ixx.ifc.d.json
d:\visualstudio\refinement\refinement\x64\debug\glfwinternal-osmesatokens.ixx.obj
d:\visualstudio\refinement\refinement\x64\debug\glfwinternal-egltypes.ixx.ifc
d:\visualstudio\refinement\refinement\x64\debug\glfwinternal-egltypes.ixx.ifc.d.json
d:\visualstudio\refinement\refinement\x64\debug\glfwinternal-egltypes.ixx.obj
d:\visualstudio\refinement\refinement\x64\debug\glfw-types.ixx.ifc
d:\visualstudio\refinement\refinement\x64\debug\glfw-types.ixx.ifc.d.json
d:\visualstudio\refinement\refinement\x64\debug\glfw-types.ixx.obj
d:\visualstudio\refinement\refinement\x64\debug\blenderobject-shapekey.ixx.ifc.d.json
d:\visualstudio\refinement\refinement\x64\debug\stdint.h_xhujs0aftyaa3wxc.ifc
d:\visualstudio\refinement\refinement\x64\debug\stdint.h_xhujs0aftyaa3wxc.ifc.d.json
d:\visualstudio\refinement\refinement\x64\debug\stdint.h_xhujs0aftyaa3wxc.obj
d:\visualstudio\refinement\refinement\x64\debug\glfw-tokens.ixx.ifc
d:\visualstudio\refinement\refinement\x64\debug\glfw-tokens.ixx.ifc.d.json
d:\visualstudio\refinement\refinement\x64\debug\glfw-tokens.ixx.obj
d:\visualstudio\refinement\refinement\x64\debug\glfwinternal-internalfunctions.ixx.ifc
d:\visualstudio\refinement\refinement\x64\debug\glfwinternal-internalfunctions.ixx.ifc.d.json
d:\visualstudio\refinement\refinement\x64\debug\glfwinternal-internalfunctions.ixx.obj
d:\visualstudio\refinement\refinement\x64\debug\glfwinternal-internaltokens.ixx.ifc
d:\visualstudio\refinement\refinement\x64\debug\glfwinternal-internaltokens.ixx.ifc.d.json
d:\visualstudio\refinement\refinement\x64\debug\glfwinternal-internaltokens.ixx.obj
d:\visualstudio\refinement\refinement\x64\debug\cstdint_a3sxt74kijl6th1y.ifc
d:\visualstudio\refinement\refinement\x64\debug\cstdint_a3sxt74kijl6th1y.ifc.d.json
d:\visualstudio\refinement\refinement\x64\debug\cstdint_a3sxt74kijl6th1y.obj
d:\visualstudio\refinement\refinement\x64\debug\glad_4_5.ixx.module.json
d:\visualstudio\refinement\refinement\x64\debug\glad_2_1.ixx.module.json
d:\visualstudio\refinement\refinement\x64\debug\glad_base.ixx.module.json
d:\visualstudio\refinement\refinement\x64\debug\glad_4_1.ixx.module.json
d:\visualstudio\refinement\refinement\x64\debug\glad_1_5.ixx.module.json
d:\visualstudio\refinement\refinement\x64\debug\glad_3_1.ixx.module.json
d:\visualstudio\refinement\refinement\x64\debug\glad_1_2.ixx.module.json
d:\visualstudio\refinement\refinement\x64\debug\blenderobject.ixx.module.json
d:\visualstudio\refinement\refinement\x64\debug\blenderobject-transformkeyframe.ixx.module.json
d:\visualstudio\refinement\refinement\x64\debug\glad_base-types.ixx.module.json
d:\visualstudio\refinement\refinement\x64\debug\glad_1_4.ixx.module.json
d:\visualstudio\refinement\refinement\x64\debug\glad_3_0.ixx.module.json
d:\visualstudio\refinement\refinement\x64\debug\glad_base-macros.ixx.module.json
d:\visualstudio\refinement\refinement\x64\debug\glad_4_0.ixx.module.json
d:\visualstudio\refinement\refinement\x64\debug\blenderobject-blenderobjectdata.ixx.module.json
d:\visualstudio\refinement\refinement\x64\debug\glad_3_3.ixx.module.json
d:\visualstudio\refinement\refinement\x64\debug\glad_4_6.ixx.module.json
d:\visualstudio\refinement\refinement\x64\debug\glad_4_4.ixx.module.json
d:\visualstudio\refinement\refinement\x64\debug\glad_4_2.ixx.module.json
d:\visualstudio\refinement\refinement\x64\debug\blenderobject-shapekey.ixx.module.json
d:\visualstudio\refinement\refinement\x64\debug\glad_1_1.ixx.module.json
d:\visualstudio\refinement\refinement\x64\debug\glad_1_3.ixx.module.json
d:\visualstudio\refinement\refinement\x64\debug\glad_2_0.ixx.module.json
d:\visualstudio\refinement\refinement\x64\debug\all_modules.ixx.module.json
d:\visualstudio\refinement\refinement\x64\debug\glad_3_2.ixx.module.json
d:\visualstudio\refinement\refinement\x64\debug\blenderobject-material.ixx.module.json
d:\visualstudio\refinement\refinement\x64\debug\glad_4_3.ixx.module.json
d:\visualstudio\refinement\refinement\x64\debug\glad.ixx.module.json
d:\visualstudio\refinement\refinement\x64\debug\blenderobject-shapekeyframe.ixx.module.json
d:\visualstudio\refinement\refinement\x64\debug\thread_g04np4c7vps2zzac.module.json
d:\visualstudio\refinement\refinement\x64\debug\iostream_ktplhocedx7ybzwe.module.json
d:\visualstudio\refinement\refinement\x64\debug\cmath_gxu9qldiw1m5ifd5.module.json
d:\visualstudio\refinement\refinement\x64\debug\cstddef_7ohnu1f9735l2vy2.module.json
d:\visualstudio\refinement\refinement\x64\debug\algorithm_j4sepiaanyku1wyo.module.json
d:\visualstudio\refinement\refinement\x64\debug\fstream_cc1nqjkccd0fo3r8.module.json
d:\visualstudio\refinement\refinement\x64\debug\mutex_4yyj92o7zsc1o0g8.module.json
d:\visualstudio\refinement\refinement\x64\debug\atomic_mkjf137ztwozpfdn.module.json
d:\visualstudio\refinement\refinement\x64\debug\limits_zvx8ee72z68lgbut.module.json
d:\visualstudio\refinement\refinement\x64\debug\vector_gdgh8lxpb6233bge.module.json
d:\visualstudio\refinement\refinement\x64\debug\string_gt02e4t140807ucg.module.json
d:\visualstudio\refinement\refinement\x64\debug\glfw-tokens.ixx.module.json
d:\visualstudio\refinement\refinement\x64\debug\glad_1_0.ixx.module.json
d:\visualstudio\refinement\refinement\x64\debug\glfwinternal-vktokens.ixx.module.json
d:\visualstudio\refinement\refinement\x64\debug\glm.ixx.module.json
d:\visualstudio\refinement\refinement\x64\debug\glfwplatform-nullplatformtypes.ixx.module.json
d:\visualstudio\refinement\refinement\x64\debug\glfw-types.ixx.module.json
d:\visualstudio\refinement\refinement\x64\debug\glfwinternal-vktypes.ixx.module.json
d:\visualstudio\refinement\refinement\x64\debug\glfwinternal-eglfunctions.ixx.module.json
d:\visualstudio\refinement\refinement\x64\debug\glfwinternal-vk.ixx.module.json
d:\visualstudio\refinement\refinement\x64\debug\glfwplatform-nullplatform.ixx.module.json
d:\visualstudio\refinement\refinement\x64\debug\glfwinternal-egl.ixx.module.json
d:\visualstudio\refinement\refinement\x64\debug\glfwinternal-egltokens.ixx.module.json
d:\visualstudio\refinement\refinement\x64\debug\glfwinternal-internalfunctions.ixx.module.json
d:\visualstudio\refinement\refinement\x64\debug\glfwinternal-osmesatokens.ixx.module.json
d:\visualstudio\refinement\refinement\x64\debug\glfwinternal-osmesafunctions.ixx.module.json
d:\visualstudio\refinement\refinement\x64\debug\glfwinternal-osmesatypes.ixx.module.json
d:\visualstudio\refinement\refinement\x64\debug\glfwplatform-nullplatformfunctions.ixx.module.json
d:\visualstudio\refinement\refinement\x64\debug\glfwinternal-internal.ixx.module.json
d:\visualstudio\refinement\refinement\x64\debug\glfwplatform.ixx.module.json
d:\visualstudio\refinement\refinement\x64\debug\glfw.ixx.module.json
d:\visualstudio\refinement\refinement\x64\debug\glfwinternal-vkfunctions.ixx.module.json
d:\visualstudio\refinement\refinement\x64\debug\glfwinternal-osmesa.ixx.module.json
d:\visualstudio\refinement\refinement\x64\debug\glfwinternal-internaltokens.ixx.module.json
d:\visualstudio\refinement\refinement\x64\debug\glfwinternal-internaltypes.ixx.module.json
d:\visualstudio\refinement\refinement\x64\debug\glfwinternal-egltypes.ixx.module.json
d:\visualstudio\refinement\refinement\x64\debug\glfwplatform-nullplatformtokens.ixx.module.json
d:\visualstudio\refinement\refinement\x64\debug\cstdint_a3sxt74kijl6th1y.module.json
d:\visualstudio\refinement\refinement\x64\debug\platform.h_ejvk77z31xlr2gvd.module.json
d:\visualstudio\refinement\refinement\x64\debug\stdint.h_xhujs0aftyaa3wxc.module.json
d:\visualstudio\refinement\refinement\x64\debug\vc143.idb
d:\visualstudio\refinement\refinement\x64\debug\vc143.pdb
d:\visualstudio\refinement\refinement\x64\debug\refinement.tlog\cl.command.1.tlog
d:\visualstudio\refinement\refinement\x64\debug\refinement.tlog\microsoft.build.cpptasks.cl.read.1.tlog
d:\visualstudio\refinement\refinement\x64\debug\refinement.tlog\microsoft.build.cpptasks.cl.write.1.tlog
d:\visualstudio\refinement\refinement\x64\debug\refinement_md.tlog\cl.command.1.tlog
d:\visualstudio\refinement\refinement\x64\debug\refinement_md.tlog\microsoft.build.cpptasks.cl.read.1.tlog
d:\visualstudio\refinement\refinement\x64\debug\refinement_md.tlog\microsoft.build.cpptasks.cl.write.1.tlog
